<?xml version="1.0" encoding="UTF-8"?>
<testsuite xmlns:xsi="http://www.w3.org/2001/XMLSchema-instance" xsi:noNamespaceSchemaLocation="https://maven.apache.org/surefire/maven-surefire-plugin/xsd/surefire-test-report-3.0.xsd" version="3.0" name="com.example.sales.analysis.SalesAnalyzerTest" time="0.089" tests="19" errors="0" skipped="0" failures="0">
  <properties>
[...]
</properties>
  <testcase name="emptyListReturnsEmptyResults" classname="com.example.sales.analysis.SalesAnalyzerTest" time="0.055"/>
  <testcase name="zeroLimitReturnsEmptyList" classname="com.example.sales.analysis.SalesAnalyzerTest" time="0.002"/>
  <testcase name="totalRevenueByRegionFiltersNonCompleted" classname="com.example.sales.analysis.SalesAnalyzerTest" time="0.001"/>
  <testcase name="monthlyRevenueTrendGroupsByYearMonth" classname="com.example.sales.analysis.SalesAnalyzerTest" time="0.003"/>
  <testcase name="handlesLargeQuantitiesCorrectly" classname="com.example.sales.analysis.SalesAnalyzerTest" time="0.001"/>
  <testcase name="completedSalesOnlyFiltersCorrectly" classname="com.example.sales.analysis.SalesAnalyzerTest" time="0.002"/>
  <testcase name="totalRevenueByRegionAggregatesValues" classname="com.example.sales.analysis.SalesAnalyzerTest" time="0.001"/>
  <testcase name="topProductsHandlesLargeLimitGracefully" classname="com.example.sales.analysis.SalesAnalyzerTest" time="0.001"/>
  <testcase name="salesCountByCategoryGroupsCorrectly" classname="com.example.sales.analysis.SalesAnalyzerTest" time="0.001"/>
  <testcase name="discountImpactByCategoryCalculatesStats" classname="com.example.sales.analysis.SalesAnalyzerTest" time="0.001"/>
  <testcase name="paymentMethodDistributionCountsCorrectly" classname="com.example.sales.analysis.SalesAnalyzerTest" time="0.0"/>
  <testcase name="topProductsByRevenueReturnsCorrectOrder" classname="com.example.sales.analysis.SalesAnalyzerTest" time="0.0"/>
  <testcase name="singleRecordProducesCorrectResults" classname="com.example.sales.analysis.SalesAnalyzerTest" time="0.0"/>
  <testcase name="topCustomersBySpendingReturnsCorrectOrder" classname="com.example.sales.analysis.SalesAnalyzerTest" time="0.001"/>
  <testcase name="handlesZeroPriceCorrectly" classname="com.example.sales.analysis.SalesAnalyzerTest" time="0.0"/>
  <testcase name="averageOrderValueByRegionCalculatesCorrectly" classname="com.example.sales.analysis.SalesAnalyzerTest" time="0.001"/>
  <testcase name="revenueByCategoryAggregatesCorrectly" classname="com.example.sales.analysis.SalesAnalyzerTest" time="0.001"/>
  <testcase name="totalUnitsSoldByRegionSumsCorrectly" classname="com.example.sales.analysis.SalesAnalyzerTest" time="0.001"/>
  <testcase name="handlesFullDiscountCorrectly" classname="com.example.sales.analysis.SalesAnalyzerTest" time="0.0"/>
</testsuite>