<?xml version="1.0" encoding="UTF-8"?>
<testsuite xmlns:xsi="http://www.w3.org/2001/XMLSchema-instance" xsi:noNamespaceSchemaLocation="https://maven.apache.org/surefire/maven-surefire-plugin/xsd/surefire-test-report-3.0.xsd" version="3.0" name="src.test.java.com.assignment.producerconsumer.ProducerConsumerTest" time="4.27" tests="5" errors="0" skipped="0" failures="0">
  <properties>
[...]
</properties>
  <testcase name="testMultipleProducersMultipleConsumers" classname="src.test.java.com.assignment.producerconsumer.ProducerConsumerTest" time="0.9">
    <system-out><![CDATA[Consumer-2 started
Consumer-1 started
Consumer-2 waiting: Queue is empty
Consumer-1 waiting: Queue is empty
Producer-1 started
Producer-2 started
Producer-3 started
Producer-1 produced: P1-A (queue size=1)
[NOTIFY] Producer-1 calling notifyAll() - waking up ALL threads in wait set
Consumer-2 consumed: P1-A (queue size=0)
[NOTIFY] Consumer-2 calling notifyAll() - waking up ALL threads in wait set
Consumer-1 waiting: Queue is empty
Producer-3 produced: P3-A (queue size=1)
[NOTIFY] Producer-3 calling notifyAll() - waking up ALL threads in wait set
Producer-2 produced: P2-A (queue size=2)
[NOTIFY] Producer-2 calling notifyAll() - waking up ALL threads in wait set
Consumer-1 consumed: P3-A (queue size=1)
[NOTIFY] Consumer-1 calling notifyAll() - waking up ALL threads in wait set
Producer-2 produced: P2-B (queue size=2)
[NOTIFY] Producer-2 calling notifyAll() - waking up ALL threads in wait set
Producer-1 produced: P1-B (queue size=3)
[NOTIFY] Producer-1 calling notifyAll() - waking up ALL threads in wait set
Producer-3 produced: P3-B (queue size=4)
[NOTIFY] Producer-3 calling notifyAll() - waking up ALL threads in wait set
Consumer-2 consumed: P2-A (queue size=3)
[NOTIFY] Consumer-2 calling notifyAll() - waking up ALL threads in wait set
Consumer-1 consumed: P2-B (queue size=2)
[NOTIFY] Consumer-1 calling notifyAll() - waking up ALL threads in wait set
Producer-2 produced: P2-C (queue size=3)
[NOTIFY] Producer-2 calling notifyAll() - waking up ALL threads in wait set
Producer-1 produced: P1-C (queue size=4)
[NOTIFY] Producer-1 calling notifyAll() - waking up ALL threads in wait set
Producer-3 produced: P3-C (queue size=5)
[NOTIFY] Producer-3 calling notifyAll() - waking up ALL threads in wait set
Consumer-2 consumed: P1-B (queue size=4)
[NOTIFY] Consumer-2 calling notifyAll() - waking up ALL threads in wait set
Consumer-1 consumed: P3-B (queue size=3)
[NOTIFY] Consumer-1 calling notifyAll() - waking up ALL threads in wait set
Producer-2 finished producing all items
Producer-3 finished producing all items
Producer-1 finished producing all items
Consumer-1 consumed: P2-C (queue size=2)
[NOTIFY] Consumer-1 calling notifyAll() - waking up ALL threads in wait set
Consumer-2 consumed: P1-C (queue size=1)
[NOTIFY] Consumer-2 calling notifyAll() - waking up ALL threads in wait set
Consumer-1 consumed: P3-C (queue size=0)
[NOTIFY] Consumer-1 calling notifyAll() - waking up ALL threads in wait set
Consumer-2 finished consuming 4 items
Consumer-1 finished consuming 5 items
]]></system-out>
  </testcase>
  <testcase name="testBlockingBehaviorWithFullQueue" classname="src.test.java.com.assignment.producerconsumer.ProducerConsumerTest" time="1.076">
    <system-out><![CDATA[Producer-1 started
Producer-1 produced: A (queue size=1)
[NOTIFY] Producer-1 calling notifyAll() - waking up ALL threads in wait set
Producer-1 produced: B (queue size=2)
[NOTIFY] Producer-1 calling notifyAll() - waking up ALL threads in wait set
Producer-1 waiting: Queue is full (size=2)
Consumer-1 started
Consumer-1 consumed: A (queue size=1)
[NOTIFY] Consumer-1 calling notifyAll() - waking up ALL threads in wait set
Producer-1 produced: C (queue size=2)
[NOTIFY] Producer-1 calling notifyAll() - waking up ALL threads in wait set
Producer-1 waiting: Queue is full (size=2)
Consumer-1 consumed: B (queue size=1)
[NOTIFY] Consumer-1 calling notifyAll() - waking up ALL threads in wait set
Producer-1 produced: D (queue size=2)
[NOTIFY] Producer-1 calling notifyAll() - waking up ALL threads in wait set
Producer-1 waiting: Queue is full (size=2)
Consumer-1 consumed: C (queue size=1)
[NOTIFY] Consumer-1 calling notifyAll() - waking up ALL threads in wait set
Producer-1 produced: E (queue size=2)
[NOTIFY] Producer-1 calling notifyAll() - waking up ALL threads in wait set
Producer-1 finished producing all items
Consumer-1 consumed: D (queue size=1)
[NOTIFY] Consumer-1 calling notifyAll() - waking up ALL threads in wait set
Consumer-1 consumed: E (queue size=0)
[NOTIFY] Consumer-1 calling notifyAll() - waking up ALL threads in wait set
Consumer-1 finished consuming 5 items
]]></system-out>
  </testcase>
  <testcase name="testMultipleProducersSingleConsumer" classname="src.test.java.com.assignment.producerconsumer.ProducerConsumerTest" time="0.933">
    <system-out><![CDATA[Consumer-1 started
Producer-1 started
Consumer-1 waiting: Queue is empty
Producer-2 started
Producer-1 produced: P1-A (queue size=1)
[NOTIFY] Producer-1 calling notifyAll() - waking up ALL threads in wait set
Consumer-1 consumed: P1-A (queue size=0)
[NOTIFY] Consumer-1 calling notifyAll() - waking up ALL threads in wait set
Producer-2 produced: P2-A (queue size=1)
[NOTIFY] Producer-2 calling notifyAll() - waking up ALL threads in wait set
Producer-2 produced: P2-B (queue size=2)
[NOTIFY] Producer-2 calling notifyAll() - waking up ALL threads in wait set
Producer-1 produced: P1-B (queue size=3)
[NOTIFY] Producer-1 calling notifyAll() - waking up ALL threads in wait set
Consumer-1 consumed: P2-A (queue size=2)
[NOTIFY] Consumer-1 calling notifyAll() - waking up ALL threads in wait set
Producer-2 produced: P2-C (queue size=3)
[NOTIFY] Producer-2 calling notifyAll() - waking up ALL threads in wait set
Producer-1 produced: P1-C (queue size=4)
[NOTIFY] Producer-1 calling notifyAll() - waking up ALL threads in wait set
Consumer-1 consumed: P2-B (queue size=3)
[NOTIFY] Consumer-1 calling notifyAll() - waking up ALL threads in wait set
Producer-2 finished producing all items
Producer-1 finished producing all items
Consumer-1 consumed: P1-B (queue size=2)
[NOTIFY] Consumer-1 calling notifyAll() - waking up ALL threads in wait set
Consumer-1 consumed: P2-C (queue size=1)
[NOTIFY] Consumer-1 calling notifyAll() - waking up ALL threads in wait set
Consumer-1 consumed: P1-C (queue size=0)
[NOTIFY] Consumer-1 calling notifyAll() - waking up ALL threads in wait set
Consumer-1 finished consuming 6 items
]]></system-out>
  </testcase>
  <testcase name="testSingleProducerMultipleConsumers" classname="src.test.java.com.assignment.producerconsumer.ProducerConsumerTest" time="0.78">
    <system-out><![CDATA[Consumer-1 started
Consumer-1 waiting: Queue is empty
Consumer-2 started
Consumer-2 waiting: Queue is empty
Producer-1 started
Producer-1 produced: A (queue size=1)
[NOTIFY] Producer-1 calling notifyAll() - waking up ALL threads in wait set
Consumer-1 consumed: A (queue size=0)
[NOTIFY] Consumer-1 calling notifyAll() - waking up ALL threads in wait set
Consumer-2 waiting: Queue is empty
Producer-1 produced: B (queue size=1)
[NOTIFY] Producer-1 calling notifyAll() - waking up ALL threads in wait set
Consumer-2 consumed: B (queue size=0)
[NOTIFY] Consumer-2 calling notifyAll() - waking up ALL threads in wait set
Consumer-1 waiting: Queue is empty
Producer-1 produced: C (queue size=1)
[NOTIFY] Producer-1 calling notifyAll() - waking up ALL threads in wait set
Consumer-1 consumed: C (queue size=0)
[NOTIFY] Consumer-1 calling notifyAll() - waking up ALL threads in wait set
Consumer-2 waiting: Queue is empty
Producer-1 produced: D (queue size=1)
[NOTIFY] Producer-1 calling notifyAll() - waking up ALL threads in wait set
Consumer-2 consumed: D (queue size=0)
[NOTIFY] Consumer-2 calling notifyAll() - waking up ALL threads in wait set
Consumer-1 waiting: Queue is empty
Producer-1 produced: E (queue size=1)
[NOTIFY] Producer-1 calling notifyAll() - waking up ALL threads in wait set
Consumer-1 consumed: E (queue size=0)
[NOTIFY] Consumer-1 calling notifyAll() - waking up ALL threads in wait set
Consumer-2 waiting: Queue is empty
Producer-1 produced: F (queue size=1)
[NOTIFY] Producer-1 calling notifyAll() - waking up ALL threads in wait set
Consumer-2 consumed: F (queue size=0)
[NOTIFY] Consumer-2 calling notifyAll() - waking up ALL threads in wait set
Consumer-1 finished consuming 3 items
Producer-1 finished producing all items
Consumer-2 finished consuming 3 items
]]></system-out>
  </testcase>
  <testcase name="testSingleProducerSingleConsumer" classname="src.test.java.com.assignment.producerconsumer.ProducerConsumerTest" time="0.564">
    <system-out><![CDATA[Consumer-1 started
Consumer-1 waiting: Queue is empty
Producer-1 started
Producer-1 produced: A (queue size=1)
[NOTIFY] Producer-1 calling notifyAll() - waking up ALL threads in wait set
Consumer-1 consumed: A (queue size=0)
[NOTIFY] Consumer-1 calling notifyAll() - waking up ALL threads in wait set
Producer-1 produced: B (queue size=1)
[NOTIFY] Producer-1 calling notifyAll() - waking up ALL threads in wait set
Consumer-1 consumed: B (queue size=0)
[NOTIFY] Consumer-1 calling notifyAll() - waking up ALL threads in wait set
Producer-1 produced: C (queue size=1)
[NOTIFY] Producer-1 calling notifyAll() - waking up ALL threads in wait set
Consumer-1 consumed: C (queue size=0)
[NOTIFY] Consumer-1 calling notifyAll() - waking up ALL threads in wait set
Producer-1 finished producing all items
Consumer-1 finished consuming 3 items
]]></system-out>
  </testcase>
</testsuite>