<?xml version="1.0" encoding="UTF-8"?>
<testsuite xmlns:xsi="http://www.w3.org/2001/XMLSchema-instance" xsi:noNamespaceSchemaLocation="https://maven.apache.org/surefire/maven-surefire-plugin/xsd/surefire-test-report-3.0.xsd" version="3.0" name="src.test.java.com.assignment.producerconsumer.BlockingQueueTest" time="1.304" tests="12" errors="0" skipped="0" failures="0">
  <properties>
[...]
</properties>
  <testcase name="testProducerConsumerConcurrency" classname="src.test.java.com.assignment.producerconsumer.BlockingQueueTest" time="0.014">
    <system-out><![CDATA[Thread-19 waiting: Queue is empty
Thread-18 waiting: Queue is empty
Thread-17 produced: P1-I0 (queue size=1)
[NOTIFY] Thread-17 calling notifyAll() - waking up ALL threads in wait set
Thread-17 produced: P1-I1 (queue size=2)
[NOTIFY] Thread-17 calling notifyAll() - waking up ALL threads in wait set
Thread-17 produced: P1-I2 (queue size=3)
[NOTIFY] Thread-17 calling notifyAll() - waking up ALL threads in wait set
Thread-17 produced: P1-I3 (queue size=4)
[NOTIFY] Thread-17 calling notifyAll() - waking up ALL threads in wait set
Thread-17 produced: P1-I4 (queue size=5)
[NOTIFY] Thread-17 calling notifyAll() - waking up ALL threads in wait set
Thread-17 waiting: Queue is full (size=5)
Thread-19 consumed: P1-I0 (queue size=4)
[NOTIFY] Thread-19 calling notifyAll() - waking up ALL threads in wait set
Thread-19 consumed: P1-I1 (queue size=3)
[NOTIFY] Thread-19 calling notifyAll() - waking up ALL threads in wait set
Thread-19 consumed: P1-I2 (queue size=2)
[NOTIFY] Thread-19 calling notifyAll() - waking up ALL threads in wait set
Thread-19 consumed: P1-I3 (queue size=1)
[NOTIFY] Thread-19 calling notifyAll() - waking up ALL threads in wait set
Thread-19 consumed: P1-I4 (queue size=0)
[NOTIFY] Thread-19 calling notifyAll() - waking up ALL threads in wait set
Thread-19 waiting: Queue is empty
Thread-17 produced: P1-I5 (queue size=1)
[NOTIFY] Thread-17 calling notifyAll() - waking up ALL threads in wait set
Thread-17 produced: P1-I6 (queue size=2)
[NOTIFY] Thread-17 calling notifyAll() - waking up ALL threads in wait set
Thread-17 produced: P1-I7 (queue size=3)
[NOTIFY] Thread-17 calling notifyAll() - waking up ALL threads in wait set
Thread-17 produced: P1-I8 (queue size=4)
[NOTIFY] Thread-17 calling notifyAll() - waking up ALL threads in wait set
Thread-17 produced: P1-I9 (queue size=5)
[NOTIFY] Thread-17 calling notifyAll() - waking up ALL threads in wait set
Thread-19 consumed: P1-I5 (queue size=4)
[NOTIFY] Thread-19 calling notifyAll() - waking up ALL threads in wait set
Thread-19 consumed: P1-I6 (queue size=3)
[NOTIFY] Thread-19 calling notifyAll() - waking up ALL threads in wait set
Thread-19 consumed: P1-I7 (queue size=2)
[NOTIFY] Thread-19 calling notifyAll() - waking up ALL threads in wait set
Thread-19 consumed: P1-I8 (queue size=1)
[NOTIFY] Thread-19 calling notifyAll() - waking up ALL threads in wait set
Thread-19 consumed: P1-I9 (queue size=0)
[NOTIFY] Thread-19 calling notifyAll() - waking up ALL threads in wait set
Thread-18 waiting: Queue is empty
Thread-16 produced: P0-I0 (queue size=1)
[NOTIFY] Thread-16 calling notifyAll() - waking up ALL threads in wait set
Thread-16 produced: P0-I1 (queue size=2)
[NOTIFY] Thread-16 calling notifyAll() - waking up ALL threads in wait set
Thread-16 produced: P0-I2 (queue size=3)
[NOTIFY] Thread-16 calling notifyAll() - waking up ALL threads in wait set
Thread-16 produced: P0-I3 (queue size=4)
[NOTIFY] Thread-16 calling notifyAll() - waking up ALL threads in wait set
Thread-16 produced: P0-I4 (queue size=5)
[NOTIFY] Thread-16 calling notifyAll() - waking up ALL threads in wait set
Thread-16 waiting: Queue is full (size=5)
Thread-18 consumed: P0-I0 (queue size=4)
[NOTIFY] Thread-18 calling notifyAll() - waking up ALL threads in wait set
Thread-18 consumed: P0-I1 (queue size=3)
[NOTIFY] Thread-18 calling notifyAll() - waking up ALL threads in wait set
Thread-18 consumed: P0-I2 (queue size=2)
[NOTIFY] Thread-18 calling notifyAll() - waking up ALL threads in wait set
Thread-18 consumed: P0-I3 (queue size=1)
[NOTIFY] Thread-18 calling notifyAll() - waking up ALL threads in wait set
Thread-18 consumed: P0-I4 (queue size=0)
[NOTIFY] Thread-18 calling notifyAll() - waking up ALL threads in wait set
Thread-18 waiting: Queue is empty
Thread-16 produced: P0-I5 (queue size=1)
[NOTIFY] Thread-16 calling notifyAll() - waking up ALL threads in wait set
Thread-16 produced: P0-I6 (queue size=2)
[NOTIFY] Thread-16 calling notifyAll() - waking up ALL threads in wait set
Thread-16 produced: P0-I7 (queue size=3)
[NOTIFY] Thread-16 calling notifyAll() - waking up ALL threads in wait set
Thread-16 produced: P0-I8 (queue size=4)
[NOTIFY] Thread-16 calling notifyAll() - waking up ALL threads in wait set
Thread-16 produced: P0-I9 (queue size=5)
[NOTIFY] Thread-16 calling notifyAll() - waking up ALL threads in wait set
Thread-18 consumed: P0-I5 (queue size=4)
[NOTIFY] Thread-18 calling notifyAll() - waking up ALL threads in wait set
Thread-18 consumed: P0-I6 (queue size=3)
[NOTIFY] Thread-18 calling notifyAll() - waking up ALL threads in wait set
Thread-18 consumed: P0-I7 (queue size=2)
[NOTIFY] Thread-18 calling notifyAll() - waking up ALL threads in wait set
Thread-18 consumed: P0-I8 (queue size=1)
[NOTIFY] Thread-18 calling notifyAll() - waking up ALL threads in wait set
Thread-18 consumed: P0-I9 (queue size=0)
[NOTIFY] Thread-18 calling notifyAll() - waking up ALL threads in wait set
]]></system-out>
  </testcase>
  <testcase name="testInvalidCapacity" classname="src.test.java.com.assignment.producerconsumer.BlockingQueueTest" time="0.002"/>
  <testcase name="testMultipleProducers" classname="src.test.java.com.assignment.producerconsumer.BlockingQueueTest" time="0.003">
    <system-out><![CDATA[Thread-20 waiting: Queue is empty
Thread-23 produced: Producer-2-Item-0 (queue size=1)
[NOTIFY] Thread-23 calling notifyAll() - waking up ALL threads in wait set
Thread-23 produced: Producer-2-Item-1 (queue size=2)
[NOTIFY] Thread-23 calling notifyAll() - waking up ALL threads in wait set
Thread-23 produced: Producer-2-Item-2 (queue size=3)
[NOTIFY] Thread-23 calling notifyAll() - waking up ALL threads in wait set
Thread-23 produced: Producer-2-Item-3 (queue size=4)
[NOTIFY] Thread-23 calling notifyAll() - waking up ALL threads in wait set
Thread-23 produced: Producer-2-Item-4 (queue size=5)
[NOTIFY] Thread-23 calling notifyAll() - waking up ALL threads in wait set
Thread-23 waiting: Queue is full (size=5)
Thread-20 consumed: Producer-2-Item-0 (queue size=4)
[NOTIFY] Thread-20 calling notifyAll() - waking up ALL threads in wait set
Thread-20 consumed: Producer-2-Item-1 (queue size=3)
[NOTIFY] Thread-20 calling notifyAll() - waking up ALL threads in wait set
Thread-20 consumed: Producer-2-Item-2 (queue size=2)
[NOTIFY] Thread-20 calling notifyAll() - waking up ALL threads in wait set
Thread-20 consumed: Producer-2-Item-3 (queue size=1)
[NOTIFY] Thread-20 calling notifyAll() - waking up ALL threads in wait set
Thread-22 produced: Producer-1-Item-0 (queue size=2)
[NOTIFY] Thread-22 calling notifyAll() - waking up ALL threads in wait set
Thread-23 produced: Producer-2-Item-5 (queue size=3)
[NOTIFY] Thread-23 calling notifyAll() - waking up ALL threads in wait set
Thread-22 produced: Producer-1-Item-1 (queue size=4)
[NOTIFY] Thread-22 calling notifyAll() - waking up ALL threads in wait set
Thread-20 consumed: Producer-2-Item-4 (queue size=3)
[NOTIFY] Thread-20 calling notifyAll() - waking up ALL threads in wait set
Thread-20 consumed: Producer-1-Item-0 (queue size=2)
[NOTIFY] Thread-20 calling notifyAll() - waking up ALL threads in wait set
Thread-20 consumed: Producer-2-Item-5 (queue size=1)
[NOTIFY] Thread-20 calling notifyAll() - waking up ALL threads in wait set
Thread-20 consumed: Producer-1-Item-1 (queue size=0)
[NOTIFY] Thread-20 calling notifyAll() - waking up ALL threads in wait set
Thread-20 waiting: Queue is empty
Thread-21 produced: Producer-0-Item-0 (queue size=1)
[NOTIFY] Thread-21 calling notifyAll() - waking up ALL threads in wait set
Thread-20 consumed: Producer-0-Item-0 (queue size=0)
[NOTIFY] Thread-20 calling notifyAll() - waking up ALL threads in wait set
Thread-20 waiting: Queue is empty
Thread-21 produced: Producer-0-Item-1 (queue size=1)
[NOTIFY] Thread-21 calling notifyAll() - waking up ALL threads in wait set
Thread-22 produced: Producer-1-Item-2 (queue size=2)
[NOTIFY] Thread-22 calling notifyAll() - waking up ALL threads in wait set
Thread-23 produced: Producer-2-Item-6 (queue size=3)
[NOTIFY] Thread-23 calling notifyAll() - waking up ALL threads in wait set
Thread-22 produced: Producer-1-Item-3 (queue size=4)
[NOTIFY] Thread-22 calling notifyAll() - waking up ALL threads in wait set
Thread-21 produced: Producer-0-Item-2 (queue size=5)
[NOTIFY] Thread-21 calling notifyAll() - waking up ALL threads in wait set
Thread-20 consumed: Producer-0-Item-1 (queue size=4)
[NOTIFY] Thread-20 calling notifyAll() - waking up ALL threads in wait set
Thread-20 consumed: Producer-1-Item-2 (queue size=3)
[NOTIFY] Thread-20 calling notifyAll() - waking up ALL threads in wait set
Thread-20 consumed: Producer-2-Item-6 (queue size=2)
[NOTIFY] Thread-20 calling notifyAll() - waking up ALL threads in wait set
Thread-20 consumed: Producer-1-Item-3 (queue size=1)
[NOTIFY] Thread-20 calling notifyAll() - waking up ALL threads in wait set
Thread-20 consumed: Producer-0-Item-2 (queue size=0)
[NOTIFY] Thread-20 calling notifyAll() - waking up ALL threads in wait set
Thread-20 waiting: Queue is empty
Thread-21 produced: Producer-0-Item-3 (queue size=1)
[NOTIFY] Thread-21 calling notifyAll() - waking up ALL threads in wait set
Thread-22 produced: Producer-1-Item-4 (queue size=2)
[NOTIFY] Thread-22 calling notifyAll() - waking up ALL threads in wait set
Thread-23 produced: Producer-2-Item-7 (queue size=3)
[NOTIFY] Thread-23 calling notifyAll() - waking up ALL threads in wait set
Thread-22 produced: Producer-1-Item-5 (queue size=4)
[NOTIFY] Thread-22 calling notifyAll() - waking up ALL threads in wait set
Thread-21 produced: Producer-0-Item-4 (queue size=5)
[NOTIFY] Thread-21 calling notifyAll() - waking up ALL threads in wait set
Thread-20 consumed: Producer-0-Item-3 (queue size=4)
[NOTIFY] Thread-20 calling notifyAll() - waking up ALL threads in wait set
Thread-20 consumed: Producer-1-Item-4 (queue size=3)
[NOTIFY] Thread-20 calling notifyAll() - waking up ALL threads in wait set
Thread-20 consumed: Producer-2-Item-7 (queue size=2)
[NOTIFY] Thread-20 calling notifyAll() - waking up ALL threads in wait set
Thread-20 consumed: Producer-1-Item-5 (queue size=1)
[NOTIFY] Thread-20 calling notifyAll() - waking up ALL threads in wait set
Thread-20 consumed: Producer-0-Item-4 (queue size=0)
[NOTIFY] Thread-20 calling notifyAll() - waking up ALL threads in wait set
Thread-20 waiting: Queue is empty
Thread-21 produced: Producer-0-Item-5 (queue size=1)
[NOTIFY] Thread-21 calling notifyAll() - waking up ALL threads in wait set
Thread-22 produced: Producer-1-Item-6 (queue size=2)
[NOTIFY] Thread-22 calling notifyAll() - waking up ALL threads in wait set
Thread-23 produced: Producer-2-Item-8 (queue size=3)
[NOTIFY] Thread-23 calling notifyAll() - waking up ALL threads in wait set
Thread-22 produced: Producer-1-Item-7 (queue size=4)
[NOTIFY] Thread-22 calling notifyAll() - waking up ALL threads in wait set
Thread-21 produced: Producer-0-Item-6 (queue size=5)
[NOTIFY] Thread-21 calling notifyAll() - waking up ALL threads in wait set
Thread-20 consumed: Producer-0-Item-5 (queue size=4)
[NOTIFY] Thread-20 calling notifyAll() - waking up ALL threads in wait set
Thread-20 consumed: Producer-1-Item-6 (queue size=3)
[NOTIFY] Thread-20 calling notifyAll() - waking up ALL threads in wait set
Thread-20 consumed: Producer-2-Item-8 (queue size=2)
[NOTIFY] Thread-20 calling notifyAll() - waking up ALL threads in wait set
Thread-20 consumed: Producer-1-Item-7 (queue size=1)
[NOTIFY] Thread-20 calling notifyAll() - waking up ALL threads in wait set
Thread-20 consumed: Producer-0-Item-6 (queue size=0)
[NOTIFY] Thread-20 calling notifyAll() - waking up ALL threads in wait set
Thread-20 waiting: Queue is empty
Thread-21 produced: Producer-0-Item-7 (queue size=1)
[NOTIFY] Thread-21 calling notifyAll() - waking up ALL threads in wait set
Thread-22 produced: Producer-1-Item-8 (queue size=2)
[NOTIFY] Thread-22 calling notifyAll() - waking up ALL threads in wait set
Thread-23 produced: Producer-2-Item-9 (queue size=3)
[NOTIFY] Thread-23 calling notifyAll() - waking up ALL threads in wait set
Thread-22 produced: Producer-1-Item-9 (queue size=4)
[NOTIFY] Thread-22 calling notifyAll() - waking up ALL threads in wait set
Thread-21 produced: Producer-0-Item-8 (queue size=5)
[NOTIFY] Thread-21 calling notifyAll() - waking up ALL threads in wait set
Thread-20 consumed: Producer-0-Item-7 (queue size=4)
[NOTIFY] Thread-20 calling notifyAll() - waking up ALL threads in wait set
Thread-20 consumed: Producer-1-Item-8 (queue size=3)
[NOTIFY] Thread-20 calling notifyAll() - waking up ALL threads in wait set
Thread-20 consumed: Producer-2-Item-9 (queue size=2)
[NOTIFY] Thread-20 calling notifyAll() - waking up ALL threads in wait set
Thread-20 consumed: Producer-1-Item-9 (queue size=1)
[NOTIFY] Thread-20 calling notifyAll() - waking up ALL threads in wait set
Thread-21 produced: Producer-0-Item-9 (queue size=2)
[NOTIFY] Thread-21 calling notifyAll() - waking up ALL threads in wait set
Thread-20 consumed: Producer-0-Item-8 (queue size=1)
[NOTIFY] Thread-20 calling notifyAll() - waking up ALL threads in wait set
Thread-20 consumed: Producer-0-Item-9 (queue size=0)
[NOTIFY] Thread-20 calling notifyAll() - waking up ALL threads in wait set
]]></system-out>
  </testcase>
  <testcase name="testQueueInitialization" classname="src.test.java.com.assignment.producerconsumer.BlockingQueueTest" time="0.001"/>
  <testcase name="testQueueBecomesFull" classname="src.test.java.com.assignment.producerconsumer.BlockingQueueTest" time="0.002">
    <system-out><![CDATA[main produced: item0 (queue size=1)
[NOTIFY] main calling notifyAll() - waking up ALL threads in wait set
main produced: item1 (queue size=2)
[NOTIFY] main calling notifyAll() - waking up ALL threads in wait set
main produced: item2 (queue size=3)
[NOTIFY] main calling notifyAll() - waking up ALL threads in wait set
main produced: item3 (queue size=4)
[NOTIFY] main calling notifyAll() - waking up ALL threads in wait set
main produced: item4 (queue size=5)
[NOTIFY] main calling notifyAll() - waking up ALL threads in wait set
]]></system-out>
  </testcase>
  <testcase name="testMultipleConsumers" classname="src.test.java.com.assignment.producerconsumer.BlockingQueueTest" time="0.003">
    <system-out><![CDATA[Thread-26 waiting: Queue is empty
main produced: Item-0 (queue size=1)
[NOTIFY] main calling notifyAll() - waking up ALL threads in wait set
Thread-24 consumed: Item-0 (queue size=0)
[NOTIFY] Thread-24 calling notifyAll() - waking up ALL threads in wait set
Thread-24 waiting: Queue is empty
Thread-25 waiting: Queue is empty
main produced: Item-1 (queue size=1)
[NOTIFY] main calling notifyAll() - waking up ALL threads in wait set
main produced: Item-2 (queue size=2)
[NOTIFY] main calling notifyAll() - waking up ALL threads in wait set
main produced: Item-3 (queue size=3)
[NOTIFY] main calling notifyAll() - waking up ALL threads in wait set
main produced: Item-4 (queue size=4)
[NOTIFY] main calling notifyAll() - waking up ALL threads in wait set
main produced: Item-5 (queue size=5)
[NOTIFY] main calling notifyAll() - waking up ALL threads in wait set
main waiting: Queue is full (size=5)
Thread-26 consumed: Item-1 (queue size=4)
[NOTIFY] Thread-26 calling notifyAll() - waking up ALL threads in wait set
Thread-26 consumed: Item-2 (queue size=3)
[NOTIFY] Thread-26 calling notifyAll() - waking up ALL threads in wait set
Thread-26 consumed: Item-3 (queue size=2)
[NOTIFY] Thread-26 calling notifyAll() - waking up ALL threads in wait set
Thread-26 consumed: Item-4 (queue size=1)
[NOTIFY] Thread-26 calling notifyAll() - waking up ALL threads in wait set
Thread-26 consumed: Item-5 (queue size=0)
[NOTIFY] Thread-26 calling notifyAll() - waking up ALL threads in wait set
main produced: Item-6 (queue size=1)
[NOTIFY] main calling notifyAll() - waking up ALL threads in wait set
Thread-25 consumed: Item-6 (queue size=0)
[NOTIFY] Thread-25 calling notifyAll() - waking up ALL threads in wait set
Thread-25 waiting: Queue is empty
Thread-24 waiting: Queue is empty
main produced: Item-7 (queue size=1)
[NOTIFY] main calling notifyAll() - waking up ALL threads in wait set
main produced: Item-8 (queue size=2)
[NOTIFY] main calling notifyAll() - waking up ALL threads in wait set
main produced: Item-9 (queue size=3)
[NOTIFY] main calling notifyAll() - waking up ALL threads in wait set
main produced: Item-10 (queue size=4)
[NOTIFY] main calling notifyAll() - waking up ALL threads in wait set
main produced: Item-11 (queue size=5)
[NOTIFY] main calling notifyAll() - waking up ALL threads in wait set
main waiting: Queue is full (size=5)
Thread-25 consumed: Item-7 (queue size=4)
[NOTIFY] Thread-25 calling notifyAll() - waking up ALL threads in wait set
Thread-25 consumed: Item-8 (queue size=3)
[NOTIFY] Thread-25 calling notifyAll() - waking up ALL threads in wait set
Thread-25 consumed: Item-9 (queue size=2)
[NOTIFY] Thread-25 calling notifyAll() - waking up ALL threads in wait set
main produced: Item-12 (queue size=3)
[NOTIFY] main calling notifyAll() - waking up ALL threads in wait set
Thread-25 consumed: Item-10 (queue size=2)
[NOTIFY] Thread-25 calling notifyAll() - waking up ALL threads in wait set
Thread-24 consumed: Item-11 (queue size=1)
[NOTIFY] Thread-24 calling notifyAll() - waking up ALL threads in wait set
Thread-24 consumed: Item-12 (queue size=0)
[NOTIFY] Thread-24 calling notifyAll() - waking up ALL threads in wait set
Thread-24 waiting: Queue is empty
main produced: Item-13 (queue size=1)
[NOTIFY] main calling notifyAll() - waking up ALL threads in wait set
Thread-24 consumed: Item-13 (queue size=0)
[NOTIFY] Thread-24 calling notifyAll() - waking up ALL threads in wait set
Thread-24 waiting: Queue is empty
main produced: Item-14 (queue size=1)
[NOTIFY] main calling notifyAll() - waking up ALL threads in wait set
Thread-24 consumed: Item-14 (queue size=0)
[NOTIFY] Thread-24 calling notifyAll() - waking up ALL threads in wait set
]]></system-out>
  </testcase>
  <testcase name="testInterruptedWait" classname="src.test.java.com.assignment.producerconsumer.BlockingQueueTest" time="0.208">
    <system-out><![CDATA[main produced: item0 (queue size=1)
[NOTIFY] main calling notifyAll() - waking up ALL threads in wait set
main produced: item1 (queue size=2)
[NOTIFY] main calling notifyAll() - waking up ALL threads in wait set
main produced: item2 (queue size=3)
[NOTIFY] main calling notifyAll() - waking up ALL threads in wait set
main produced: item3 (queue size=4)
[NOTIFY] main calling notifyAll() - waking up ALL threads in wait set
main produced: item4 (queue size=5)
[NOTIFY] main calling notifyAll() - waking up ALL threads in wait set
Thread-27 waiting: Queue is full (size=5)
]]></system-out>
    <system-err><![CDATA[Exception in thread "Thread-27" org.opentest4j.AssertionFailedError: expected: <true> but was: <false>
	at org.junit.jupiter.api.AssertionFailureBuilder.build(AssertionFailureBuilder.java:151)
	at org.junit.jupiter.api.AssertionFailureBuilder.buildAndThrow(AssertionFailureBuilder.java:132)
	at org.junit.jupiter.api.AssertTrue.failNotTrue(AssertTrue.java:63)
	at org.junit.jupiter.api.AssertTrue.assertTrue(AssertTrue.java:36)
	at org.junit.jupiter.api.AssertTrue.assertTrue(AssertTrue.java:31)
	at org.junit.jupiter.api.Assertions.assertTrue(Assertions.java:180)
	at src.test.java.com.assignment.producerconsumer.BlockingQueueTest.lambda$testInterruptedWait$10(BlockingQueueTest.java:391)
	at java.base/java.lang.Thread.run(Thread.java:1583)
]]></system-err>
  </testcase>
  <testcase name="testThreadSafety" classname="src.test.java.com.assignment.producerconsumer.BlockingQueueTest" time="0.039">
    <system-out><![CDATA[Thread-37 waiting: Queue is empty
Thread-29 waiting: Queue is empty
Thread-31 waiting: Queue is empty
Thread-33 waiting: Queue is empty
Thread-35 waiting: Queue is empty
Thread-30 produced: Item-61-0 (queue size=1)
[NOTIFY] Thread-30 calling notifyAll() - waking up ALL threads in wait set
Thread-37 consumed: Item-61-0 (queue size=0)
[NOTIFY] Thread-37 calling notifyAll() - waking up ALL threads in wait set
Thread-37 waiting: Queue is empty
Thread-30 produced: Item-61-1 (queue size=1)
[NOTIFY] Thread-30 calling notifyAll() - waking up ALL threads in wait set
Thread-35 consumed: Item-61-1 (queue size=0)
[NOTIFY] Thread-35 calling notifyAll() - waking up ALL threads in wait set
Thread-35 waiting: Queue is empty
Thread-33 waiting: Queue is empty
Thread-31 waiting: Queue is empty
Thread-29 waiting: Queue is empty
Thread-28 produced: Item-59-0 (queue size=1)
[NOTIFY] Thread-28 calling notifyAll() - waking up ALL threads in wait set
Thread-34 produced: Item-65-0 (queue size=2)
[NOTIFY] Thread-34 calling notifyAll() - waking up ALL threads in wait set
Thread-36 produced: Item-67-0 (queue size=3)
[NOTIFY] Thread-36 calling notifyAll() - waking up ALL threads in wait set
Thread-32 produced: Item-63-0 (queue size=4)
[NOTIFY] Thread-32 calling notifyAll() - waking up ALL threads in wait set
Thread-36 produced: Item-67-1 (queue size=5)
[NOTIFY] Thread-36 calling notifyAll() - waking up ALL threads in wait set
Thread-34 waiting: Queue is full (size=5)
Thread-28 waiting: Queue is full (size=5)
Thread-29 consumed: Item-59-0 (queue size=4)
[NOTIFY] Thread-29 calling notifyAll() - waking up ALL threads in wait set
Thread-29 consumed: Item-65-0 (queue size=3)
[NOTIFY] Thread-29 calling notifyAll() - waking up ALL threads in wait set
Thread-29 consumed: Item-67-0 (queue size=2)
[NOTIFY] Thread-29 calling notifyAll() - waking up ALL threads in wait set
Thread-29 consumed: Item-63-0 (queue size=1)
[NOTIFY] Thread-29 calling notifyAll() - waking up ALL threads in wait set
Thread-29 consumed: Item-67-1 (queue size=0)
[NOTIFY] Thread-29 calling notifyAll() - waking up ALL threads in wait set
Thread-29 waiting: Queue is empty
Thread-31 waiting: Queue is empty
Thread-33 waiting: Queue is empty
Thread-35 waiting: Queue is empty
Thread-30 produced: Item-61-2 (queue size=1)
[NOTIFY] Thread-30 calling notifyAll() - waking up ALL threads in wait set
Thread-37 consumed: Item-61-2 (queue size=0)
[NOTIFY] Thread-37 calling notifyAll() - waking up ALL threads in wait set
Thread-37 waiting: Queue is empty
Thread-30 produced: Item-61-3 (queue size=1)
[NOTIFY] Thread-30 calling notifyAll() - waking up ALL threads in wait set
Thread-35 consumed: Item-61-3 (queue size=0)
[NOTIFY] Thread-35 calling notifyAll() - waking up ALL threads in wait set
Thread-35 waiting: Queue is empty
Thread-33 waiting: Queue is empty
Thread-31 waiting: Queue is empty
Thread-29 waiting: Queue is empty
Thread-28 produced: Item-59-1 (queue size=1)
[NOTIFY] Thread-28 calling notifyAll() - waking up ALL threads in wait set
Thread-34 produced: Item-65-1 (queue size=2)
[NOTIFY] Thread-34 calling notifyAll() - waking up ALL threads in wait set
Thread-34 produced: Item-65-2 (queue size=3)
[NOTIFY] Thread-34 calling notifyAll() - waking up ALL threads in wait set
Thread-34 produced: Item-65-3 (queue size=4)
[NOTIFY] Thread-34 calling notifyAll() - waking up ALL threads in wait set
Thread-36 produced: Item-67-2 (queue size=5)
[NOTIFY] Thread-36 calling notifyAll() - waking up ALL threads in wait set
Thread-32 waiting: Queue is full (size=5)
Thread-36 waiting: Queue is full (size=5)
Thread-34 waiting: Queue is full (size=5)
Thread-28 waiting: Queue is full (size=5)
Thread-29 consumed: Item-59-1 (queue size=4)
[NOTIFY] Thread-29 calling notifyAll() - waking up ALL threads in wait set
Thread-29 consumed: Item-65-1 (queue size=3)
[NOTIFY] Thread-29 calling notifyAll() - waking up ALL threads in wait set
Thread-29 consumed: Item-65-2 (queue size=2)
[NOTIFY] Thread-29 calling notifyAll() - waking up ALL threads in wait set
Thread-29 consumed: Item-65-3 (queue size=1)
[NOTIFY] Thread-29 calling notifyAll() - waking up ALL threads in wait set
Thread-29 consumed: Item-67-2 (queue size=0)
[NOTIFY] Thread-29 calling notifyAll() - waking up ALL threads in wait set
Thread-29 waiting: Queue is empty
Thread-31 waiting: Queue is empty
Thread-33 waiting: Queue is empty
Thread-35 waiting: Queue is empty
Thread-30 produced: Item-61-4 (queue size=1)
[NOTIFY] Thread-30 calling notifyAll() - waking up ALL threads in wait set
Thread-37 consumed: Item-61-4 (queue size=0)
[NOTIFY] Thread-37 calling notifyAll() - waking up ALL threads in wait set
Thread-37 waiting: Queue is empty
Thread-30 produced: Item-61-5 (queue size=1)
[NOTIFY] Thread-30 calling notifyAll() - waking up ALL threads in wait set
Thread-35 consumed: Item-61-5 (queue size=0)
[NOTIFY] Thread-35 calling notifyAll() - waking up ALL threads in wait set
Thread-35 waiting: Queue is empty
Thread-33 waiting: Queue is empty
Thread-31 waiting: Queue is empty
Thread-29 waiting: Queue is empty
Thread-28 produced: Item-59-2 (queue size=1)
[NOTIFY] Thread-28 calling notifyAll() - waking up ALL threads in wait set
Thread-34 produced: Item-65-4 (queue size=2)
[NOTIFY] Thread-34 calling notifyAll() - waking up ALL threads in wait set
Thread-36 produced: Item-67-3 (queue size=3)
[NOTIFY] Thread-36 calling notifyAll() - waking up ALL threads in wait set
Thread-32 produced: Item-63-1 (queue size=4)
[NOTIFY] Thread-32 calling notifyAll() - waking up ALL threads in wait set
Thread-36 produced: Item-67-4 (queue size=5)
[NOTIFY] Thread-36 calling notifyAll() - waking up ALL threads in wait set
Thread-34 waiting: Queue is full (size=5)
Thread-28 waiting: Queue is full (size=5)
Thread-29 consumed: Item-59-2 (queue size=4)
[NOTIFY] Thread-29 calling notifyAll() - waking up ALL threads in wait set
Thread-29 consumed: Item-65-4 (queue size=3)
[NOTIFY] Thread-29 calling notifyAll() - waking up ALL threads in wait set
Thread-29 consumed: Item-67-3 (queue size=2)
[NOTIFY] Thread-29 calling notifyAll() - waking up ALL threads in wait set
Thread-29 consumed: Item-63-1 (queue size=1)
[NOTIFY] Thread-29 calling notifyAll() - waking up ALL threads in wait set
Thread-29 consumed: Item-67-4 (queue size=0)
[NOTIFY] Thread-29 calling notifyAll() - waking up ALL threads in wait set
Thread-29 waiting: Queue is empty
Thread-31 waiting: Queue is empty
Thread-33 waiting: Queue is empty
Thread-35 waiting: Queue is empty
Thread-30 produced: Item-61-6 (queue size=1)
[NOTIFY] Thread-30 calling notifyAll() - waking up ALL threads in wait set
Thread-37 consumed: Item-61-6 (queue size=0)
[NOTIFY] Thread-37 calling notifyAll() - waking up ALL threads in wait set
Thread-37 waiting: Queue is empty
Thread-30 produced: Item-61-7 (queue size=1)
[NOTIFY] Thread-30 calling notifyAll() - waking up ALL threads in wait set
Thread-35 consumed: Item-61-7 (queue size=0)
[NOTIFY] Thread-35 calling notifyAll() - waking up ALL threads in wait set
Thread-35 waiting: Queue is empty
Thread-33 waiting: Queue is empty
Thread-31 waiting: Queue is empty
Thread-29 waiting: Queue is empty
Thread-28 produced: Item-59-3 (queue size=1)
[NOTIFY] Thread-28 calling notifyAll() - waking up ALL threads in wait set
Thread-34 produced: Item-65-5 (queue size=2)
[NOTIFY] Thread-34 calling notifyAll() - waking up ALL threads in wait set
Thread-36 produced: Item-67-5 (queue size=3)
[NOTIFY] Thread-36 calling notifyAll() - waking up ALL threads in wait set
Thread-32 produced: Item-63-2 (queue size=4)
[NOTIFY] Thread-32 calling notifyAll() - waking up ALL threads in wait set
Thread-36 produced: Item-67-6 (queue size=5)
[NOTIFY] Thread-36 calling notifyAll() - waking up ALL threads in wait set
Thread-34 waiting: Queue is full (size=5)
Thread-28 waiting: Queue is full (size=5)
Thread-29 consumed: Item-59-3 (queue size=4)
[NOTIFY] Thread-29 calling notifyAll() - waking up ALL threads in wait set
Thread-29 consumed: Item-65-5 (queue size=3)
[NOTIFY] Thread-29 calling notifyAll() - waking up ALL threads in wait set
Thread-29 consumed: Item-67-5 (queue size=2)
[NOTIFY] Thread-29 calling notifyAll() - waking up ALL threads in wait set
Thread-29 consumed: Item-63-2 (queue size=1)
[NOTIFY] Thread-29 calling notifyAll() - waking up ALL threads in wait set
Thread-29 consumed: Item-67-6 (queue size=0)
[NOTIFY] Thread-29 calling notifyAll() - waking up ALL threads in wait set
Thread-29 waiting: Queue is empty
Thread-31 waiting: Queue is empty
Thread-33 waiting: Queue is empty
Thread-35 waiting: Queue is empty
Thread-30 produced: Item-61-8 (queue size=1)
[NOTIFY] Thread-30 calling notifyAll() - waking up ALL threads in wait set
Thread-37 consumed: Item-61-8 (queue size=0)
[NOTIFY] Thread-37 calling notifyAll() - waking up ALL threads in wait set
Thread-37 waiting: Queue is empty
Thread-30 produced: Item-61-9 (queue size=1)
[NOTIFY] Thread-30 calling notifyAll() - waking up ALL threads in wait set
Thread-35 consumed: Item-61-9 (queue size=0)
[NOTIFY] Thread-35 calling notifyAll() - waking up ALL threads in wait set
Thread-35 waiting: Queue is empty
Thread-33 waiting: Queue is empty
Thread-31 waiting: Queue is empty
Thread-29 waiting: Queue is empty
Thread-28 produced: Item-59-4 (queue size=1)
[NOTIFY] Thread-28 calling notifyAll() - waking up ALL threads in wait set
Thread-34 produced: Item-65-6 (queue size=2)
[NOTIFY] Thread-34 calling notifyAll() - waking up ALL threads in wait set
Thread-36 produced: Item-67-7 (queue size=3)
[NOTIFY] Thread-36 calling notifyAll() - waking up ALL threads in wait set
Thread-32 produced: Item-63-3 (queue size=4)
[NOTIFY] Thread-32 calling notifyAll() - waking up ALL threads in wait set
Thread-36 produced: Item-67-8 (queue size=5)
[NOTIFY] Thread-36 calling notifyAll() - waking up ALL threads in wait set
Thread-34 waiting: Queue is full (size=5)
Thread-28 waiting: Queue is full (size=5)
Thread-29 consumed: Item-59-4 (queue size=4)
[NOTIFY] Thread-29 calling notifyAll() - waking up ALL threads in wait set
Thread-29 consumed: Item-65-6 (queue size=3)
[NOTIFY] Thread-29 calling notifyAll() - waking up ALL threads in wait set
Thread-29 consumed: Item-67-7 (queue size=2)
[NOTIFY] Thread-29 calling notifyAll() - waking up ALL threads in wait set
Thread-29 consumed: Item-63-3 (queue size=1)
[NOTIFY] Thread-29 calling notifyAll() - waking up ALL threads in wait set
Thread-29 consumed: Item-67-8 (queue size=0)
[NOTIFY] Thread-29 calling notifyAll() - waking up ALL threads in wait set
Thread-29 waiting: Queue is empty
Thread-31 waiting: Queue is empty
Thread-33 waiting: Queue is empty
Thread-35 waiting: Queue is empty
Thread-30 produced: Item-61-10 (queue size=1)
[NOTIFY] Thread-30 calling notifyAll() - waking up ALL threads in wait set
Thread-30 produced: Item-61-11 (queue size=2)
[NOTIFY] Thread-30 calling notifyAll() - waking up ALL threads in wait set
Thread-37 consumed: Item-61-10 (queue size=1)
[NOTIFY] Thread-37 calling notifyAll() - waking up ALL threads in wait set
Thread-37 consumed: Item-61-11 (queue size=0)
[NOTIFY] Thread-37 calling notifyAll() - waking up ALL threads in wait set
Thread-37 waiting: Queue is empty
Thread-30 produced: Item-61-12 (queue size=1)
[NOTIFY] Thread-30 calling notifyAll() - waking up ALL threads in wait set
Thread-35 consumed: Item-61-12 (queue size=0)
[NOTIFY] Thread-35 calling notifyAll() - waking up ALL threads in wait set
Thread-35 waiting: Queue is empty
Thread-33 waiting: Queue is empty
Thread-31 waiting: Queue is empty
Thread-29 waiting: Queue is empty
Thread-28 produced: Item-59-5 (queue size=1)
[NOTIFY] Thread-28 calling notifyAll() - waking up ALL threads in wait set
Thread-34 produced: Item-65-7 (queue size=2)
[NOTIFY] Thread-34 calling notifyAll() - waking up ALL threads in wait set
Thread-36 produced: Item-67-9 (queue size=3)
[NOTIFY] Thread-36 calling notifyAll() - waking up ALL threads in wait set
Thread-36 produced: Item-67-10 (queue size=4)
[NOTIFY] Thread-36 calling notifyAll() - waking up ALL threads in wait set
Thread-36 produced: Item-67-11 (queue size=5)
[NOTIFY] Thread-36 calling notifyAll() - waking up ALL threads in wait set
Thread-36 waiting: Queue is full (size=5)
Thread-32 waiting: Queue is full (size=5)
Thread-34 waiting: Queue is full (size=5)
Thread-28 waiting: Queue is full (size=5)
Thread-29 consumed: Item-59-5 (queue size=4)
[NOTIFY] Thread-29 calling notifyAll() - waking up ALL threads in wait set
Thread-29 consumed: Item-65-7 (queue size=3)
[NOTIFY] Thread-29 calling notifyAll() - waking up ALL threads in wait set
Thread-29 consumed: Item-67-9 (queue size=2)
[NOTIFY] Thread-29 calling notifyAll() - waking up ALL threads in wait set
Thread-29 consumed: Item-67-10 (queue size=1)
[NOTIFY] Thread-29 calling notifyAll() - waking up ALL threads in wait set
Thread-29 consumed: Item-67-11 (queue size=0)
[NOTIFY] Thread-29 calling notifyAll() - waking up ALL threads in wait set
Thread-29 waiting: Queue is empty
Thread-31 waiting: Queue is empty
Thread-33 waiting: Queue is empty
Thread-35 waiting: Queue is empty
Thread-30 produced: Item-61-13 (queue size=1)
[NOTIFY] Thread-30 calling notifyAll() - waking up ALL threads in wait set
Thread-37 consumed: Item-61-13 (queue size=0)
[NOTIFY] Thread-37 calling notifyAll() - waking up ALL threads in wait set
Thread-37 waiting: Queue is empty
Thread-30 produced: Item-61-14 (queue size=1)
[NOTIFY] Thread-30 calling notifyAll() - waking up ALL threads in wait set
Thread-30 produced: Item-61-15 (queue size=2)
[NOTIFY] Thread-30 calling notifyAll() - waking up ALL threads in wait set
Thread-30 produced: Item-61-16 (queue size=3)
[NOTIFY] Thread-30 calling notifyAll() - waking up ALL threads in wait set
Thread-30 produced: Item-61-17 (queue size=4)
[NOTIFY] Thread-30 calling notifyAll() - waking up ALL threads in wait set
Thread-30 produced: Item-61-18 (queue size=5)
[NOTIFY] Thread-30 calling notifyAll() - waking up ALL threads in wait set
Thread-30 waiting: Queue is full (size=5)
Thread-35 consumed: Item-61-14 (queue size=4)
[NOTIFY] Thread-35 calling notifyAll() - waking up ALL threads in wait set
Thread-35 consumed: Item-61-15 (queue size=3)
[NOTIFY] Thread-35 calling notifyAll() - waking up ALL threads in wait set
Thread-35 consumed: Item-61-16 (queue size=2)
[NOTIFY] Thread-35 calling notifyAll() - waking up ALL threads in wait set
Thread-35 consumed: Item-61-17 (queue size=1)
[NOTIFY] Thread-35 calling notifyAll() - waking up ALL threads in wait set
Thread-35 consumed: Item-61-18 (queue size=0)
[NOTIFY] Thread-35 calling notifyAll() - waking up ALL threads in wait set
Thread-35 waiting: Queue is empty
Thread-33 waiting: Queue is empty
Thread-31 waiting: Queue is empty
Thread-29 waiting: Queue is empty
Thread-28 produced: Item-59-6 (queue size=1)
[NOTIFY] Thread-28 calling notifyAll() - waking up ALL threads in wait set
Thread-28 produced: Item-59-7 (queue size=2)
[NOTIFY] Thread-28 calling notifyAll() - waking up ALL threads in wait set
Thread-34 produced: Item-65-8 (queue size=3)
[NOTIFY] Thread-34 calling notifyAll() - waking up ALL threads in wait set
Thread-28 produced: Item-59-8 (queue size=4)
[NOTIFY] Thread-28 calling notifyAll() - waking up ALL threads in wait set
Thread-28 produced: Item-59-9 (queue size=5)
[NOTIFY] Thread-28 calling notifyAll() - waking up ALL threads in wait set
Thread-28 waiting: Queue is full (size=5)
Thread-32 waiting: Queue is full (size=5)
Thread-36 waiting: Queue is full (size=5)
Thread-34 waiting: Queue is full (size=5)
Thread-29 consumed: Item-59-6 (queue size=4)
[NOTIFY] Thread-29 calling notifyAll() - waking up ALL threads in wait set
Thread-29 consumed: Item-59-7 (queue size=3)
[NOTIFY] Thread-29 calling notifyAll() - waking up ALL threads in wait set
Thread-29 consumed: Item-65-8 (queue size=2)
[NOTIFY] Thread-29 calling notifyAll() - waking up ALL threads in wait set
Thread-29 consumed: Item-59-8 (queue size=1)
[NOTIFY] Thread-29 calling notifyAll() - waking up ALL threads in wait set
Thread-29 consumed: Item-59-9 (queue size=0)
[NOTIFY] Thread-29 calling notifyAll() - waking up ALL threads in wait set
Thread-31 waiting: Queue is empty
Thread-33 waiting: Queue is empty
Thread-35 waiting: Queue is empty
Thread-30 produced: Item-61-19 (queue size=1)
[NOTIFY] Thread-30 calling notifyAll() - waking up ALL threads in wait set
Thread-30 produced: Item-61-20 (queue size=2)
[NOTIFY] Thread-30 calling notifyAll() - waking up ALL threads in wait set
Thread-37 consumed: Item-61-19 (queue size=1)
[NOTIFY] Thread-37 calling notifyAll() - waking up ALL threads in wait set
Thread-37 consumed: Item-61-20 (queue size=0)
[NOTIFY] Thread-37 calling notifyAll() - waking up ALL threads in wait set
Thread-37 waiting: Queue is empty
Thread-30 produced: Item-61-21 (queue size=1)
[NOTIFY] Thread-30 calling notifyAll() - waking up ALL threads in wait set
Thread-35 consumed: Item-61-21 (queue size=0)
[NOTIFY] Thread-35 calling notifyAll() - waking up ALL threads in wait set
Thread-35 waiting: Queue is empty
Thread-33 waiting: Queue is empty
Thread-31 waiting: Queue is empty
Thread-29 waiting: Queue is empty
Thread-34 produced: Item-65-9 (queue size=1)
[NOTIFY] Thread-34 calling notifyAll() - waking up ALL threads in wait set
Thread-36 produced: Item-67-12 (queue size=2)
[NOTIFY] Thread-36 calling notifyAll() - waking up ALL threads in wait set
Thread-32 produced: Item-63-4 (queue size=3)
[NOTIFY] Thread-32 calling notifyAll() - waking up ALL threads in wait set
Thread-32 produced: Item-63-5 (queue size=4)
[NOTIFY] Thread-32 calling notifyAll() - waking up ALL threads in wait set
Thread-32 produced: Item-63-6 (queue size=5)
[NOTIFY] Thread-32 calling notifyAll() - waking up ALL threads in wait set
Thread-32 waiting: Queue is full (size=5)
Thread-28 waiting: Queue is full (size=5)
Thread-36 waiting: Queue is full (size=5)
Thread-34 waiting: Queue is full (size=5)
Thread-29 consumed: Item-65-9 (queue size=4)
[NOTIFY] Thread-29 calling notifyAll() - waking up ALL threads in wait set
Thread-29 consumed: Item-67-12 (queue size=3)
[NOTIFY] Thread-29 calling notifyAll() - waking up ALL threads in wait set
Thread-29 consumed: Item-63-4 (queue size=2)
[NOTIFY] Thread-29 calling notifyAll() - waking up ALL threads in wait set
Thread-29 consumed: Item-63-5 (queue size=1)
[NOTIFY] Thread-29 calling notifyAll() - waking up ALL threads in wait set
Thread-29 consumed: Item-63-6 (queue size=0)
[NOTIFY] Thread-29 calling notifyAll() - waking up ALL threads in wait set
Thread-29 waiting: Queue is empty
Thread-31 waiting: Queue is empty
Thread-33 waiting: Queue is empty
Thread-35 waiting: Queue is empty
Thread-30 produced: Item-61-22 (queue size=1)
[NOTIFY] Thread-30 calling notifyAll() - waking up ALL threads in wait set
Thread-37 consumed: Item-61-22 (queue size=0)
[NOTIFY] Thread-37 calling notifyAll() - waking up ALL threads in wait set
Thread-37 waiting: Queue is empty
Thread-30 produced: Item-61-23 (queue size=1)
[NOTIFY] Thread-30 calling notifyAll() - waking up ALL threads in wait set
Thread-35 consumed: Item-61-23 (queue size=0)
[NOTIFY] Thread-35 calling notifyAll() - waking up ALL threads in wait set
Thread-35 waiting: Queue is empty
Thread-33 waiting: Queue is empty
Thread-31 waiting: Queue is empty
Thread-29 waiting: Queue is empty
Thread-34 produced: Item-65-10 (queue size=1)
[NOTIFY] Thread-34 calling notifyAll() - waking up ALL threads in wait set
Thread-36 produced: Item-67-13 (queue size=2)
[NOTIFY] Thread-36 calling notifyAll() - waking up ALL threads in wait set
Thread-28 produced: Item-59-10 (queue size=3)
[NOTIFY] Thread-28 calling notifyAll() - waking up ALL threads in wait set
Thread-32 produced: Item-63-7 (queue size=4)
[NOTIFY] Thread-32 calling notifyAll() - waking up ALL threads in wait set
Thread-28 produced: Item-59-11 (queue size=5)
[NOTIFY] Thread-28 calling notifyAll() - waking up ALL threads in wait set
Thread-36 waiting: Queue is full (size=5)
Thread-34 waiting: Queue is full (size=5)
Thread-29 consumed: Item-65-10 (queue size=4)
[NOTIFY] Thread-29 calling notifyAll() - waking up ALL threads in wait set
Thread-29 consumed: Item-67-13 (queue size=3)
[NOTIFY] Thread-29 calling notifyAll() - waking up ALL threads in wait set
Thread-29 consumed: Item-59-10 (queue size=2)
[NOTIFY] Thread-29 calling notifyAll() - waking up ALL threads in wait set
Thread-29 consumed: Item-63-7 (queue size=1)
[NOTIFY] Thread-29 calling notifyAll() - waking up ALL threads in wait set
Thread-29 consumed: Item-59-11 (queue size=0)
[NOTIFY] Thread-29 calling notifyAll() - waking up ALL threads in wait set
Thread-29 waiting: Queue is empty
Thread-31 waiting: Queue is empty
Thread-33 waiting: Queue is empty
Thread-35 waiting: Queue is empty
Thread-30 produced: Item-61-24 (queue size=1)
[NOTIFY] Thread-30 calling notifyAll() - waking up ALL threads in wait set
Thread-37 consumed: Item-61-24 (queue size=0)
[NOTIFY] Thread-37 calling notifyAll() - waking up ALL threads in wait set
Thread-37 waiting: Queue is empty
Thread-30 produced: Item-61-25 (queue size=1)
[NOTIFY] Thread-30 calling notifyAll() - waking up ALL threads in wait set
Thread-30 produced: Item-61-26 (queue size=2)
[NOTIFY] Thread-30 calling notifyAll() - waking up ALL threads in wait set
Thread-30 produced: Item-61-27 (queue size=3)
[NOTIFY] Thread-30 calling notifyAll() - waking up ALL threads in wait set
Thread-37 consumed: Item-61-25 (queue size=2)
[NOTIFY] Thread-37 calling notifyAll() - waking up ALL threads in wait set
Thread-30 produced: Item-61-28 (queue size=3)
[NOTIFY] Thread-30 calling notifyAll() - waking up ALL threads in wait set
Thread-35 consumed: Item-61-26 (queue size=2)
[NOTIFY] Thread-35 calling notifyAll() - waking up ALL threads in wait set
Thread-35 consumed: Item-61-27 (queue size=1)
[NOTIFY] Thread-35 calling notifyAll() - waking up ALL threads in wait set
Thread-35 consumed: Item-61-28 (queue size=0)
[NOTIFY] Thread-35 calling notifyAll() - waking up ALL threads in wait set
Thread-35 waiting: Queue is empty
Thread-33 waiting: Queue is empty
Thread-31 waiting: Queue is empty
Thread-29 waiting: Queue is empty
Thread-34 produced: Item-65-11 (queue size=1)
[NOTIFY] Thread-34 calling notifyAll() - waking up ALL threads in wait set
Thread-36 produced: Item-67-14 (queue size=2)
[NOTIFY] Thread-36 calling notifyAll() - waking up ALL threads in wait set
Thread-28 produced: Item-59-12 (queue size=3)
[NOTIFY] Thread-28 calling notifyAll() - waking up ALL threads in wait set
Thread-32 produced: Item-63-8 (queue size=4)
[NOTIFY] Thread-32 calling notifyAll() - waking up ALL threads in wait set
Thread-28 produced: Item-59-13 (queue size=5)
[NOTIFY] Thread-28 calling notifyAll() - waking up ALL threads in wait set
Thread-36 waiting: Queue is full (size=5)
Thread-34 waiting: Queue is full (size=5)
Thread-29 consumed: Item-65-11 (queue size=4)
[NOTIFY] Thread-29 calling notifyAll() - waking up ALL threads in wait set
Thread-29 consumed: Item-67-14 (queue size=3)
[NOTIFY] Thread-29 calling notifyAll() - waking up ALL threads in wait set
Thread-29 consumed: Item-59-12 (queue size=2)
[NOTIFY] Thread-29 calling notifyAll() - waking up ALL threads in wait set
Thread-29 consumed: Item-63-8 (queue size=1)
[NOTIFY] Thread-29 calling notifyAll() - waking up ALL threads in wait set
Thread-29 consumed: Item-59-13 (queue size=0)
[NOTIFY] Thread-29 calling notifyAll() - waking up ALL threads in wait set
Thread-29 waiting: Queue is empty
Thread-31 waiting: Queue is empty
Thread-33 waiting: Queue is empty
Thread-35 waiting: Queue is empty
Thread-30 produced: Item-61-29 (queue size=1)
[NOTIFY] Thread-30 calling notifyAll() - waking up ALL threads in wait set
Thread-37 consumed: Item-61-29 (queue size=0)
[NOTIFY] Thread-37 calling notifyAll() - waking up ALL threads in wait set
Thread-37 waiting: Queue is empty
Thread-30 produced: Item-61-30 (queue size=1)
[NOTIFY] Thread-30 calling notifyAll() - waking up ALL threads in wait set
Thread-30 produced: Item-61-31 (queue size=2)
[NOTIFY] Thread-30 calling notifyAll() - waking up ALL threads in wait set
Thread-30 produced: Item-61-32 (queue size=3)
[NOTIFY] Thread-30 calling notifyAll() - waking up ALL threads in wait set
Thread-35 consumed: Item-61-30 (queue size=2)
[NOTIFY] Thread-35 calling notifyAll() - waking up ALL threads in wait set
Thread-35 consumed: Item-61-31 (queue size=1)
[NOTIFY] Thread-35 calling notifyAll() - waking up ALL threads in wait set
Thread-35 consumed: Item-61-32 (queue size=0)
[NOTIFY] Thread-35 calling notifyAll() - waking up ALL threads in wait set
Thread-35 waiting: Queue is empty
Thread-33 waiting: Queue is empty
Thread-31 waiting: Queue is empty
Thread-29 waiting: Queue is empty
Thread-34 produced: Item-65-12 (queue size=1)
[NOTIFY] Thread-34 calling notifyAll() - waking up ALL threads in wait set
Thread-34 produced: Item-65-13 (queue size=2)
[NOTIFY] Thread-34 calling notifyAll() - waking up ALL threads in wait set
Thread-34 produced: Item-65-14 (queue size=3)
[NOTIFY] Thread-34 calling notifyAll() - waking up ALL threads in wait set
Thread-34 produced: Item-65-15 (queue size=4)
[NOTIFY] Thread-34 calling notifyAll() - waking up ALL threads in wait set
Thread-34 produced: Item-65-16 (queue size=5)
[NOTIFY] Thread-34 calling notifyAll() - waking up ALL threads in wait set
Thread-36 waiting: Queue is full (size=5)
Thread-28 waiting: Queue is full (size=5)
Thread-32 waiting: Queue is full (size=5)
Thread-34 waiting: Queue is full (size=5)
Thread-29 consumed: Item-65-12 (queue size=4)
[NOTIFY] Thread-29 calling notifyAll() - waking up ALL threads in wait set
Thread-29 consumed: Item-65-13 (queue size=3)
[NOTIFY] Thread-29 calling notifyAll() - waking up ALL threads in wait set
Thread-29 consumed: Item-65-14 (queue size=2)
[NOTIFY] Thread-29 calling notifyAll() - waking up ALL threads in wait set
Thread-29 consumed: Item-65-15 (queue size=1)
[NOTIFY] Thread-29 calling notifyAll() - waking up ALL threads in wait set
Thread-29 consumed: Item-65-16 (queue size=0)
[NOTIFY] Thread-29 calling notifyAll() - waking up ALL threads in wait set
Thread-29 waiting: Queue is empty
Thread-31 waiting: Queue is empty
Thread-33 waiting: Queue is empty
Thread-35 waiting: Queue is empty
Thread-30 produced: Item-61-33 (queue size=1)
[NOTIFY] Thread-30 calling notifyAll() - waking up ALL threads in wait set
Thread-30 produced: Item-61-34 (queue size=2)
[NOTIFY] Thread-30 calling notifyAll() - waking up ALL threads in wait set
Thread-30 produced: Item-61-35 (queue size=3)
[NOTIFY] Thread-30 calling notifyAll() - waking up ALL threads in wait set
Thread-37 consumed: Item-61-33 (queue size=2)
[NOTIFY] Thread-37 calling notifyAll() - waking up ALL threads in wait set
Thread-37 consumed: Item-61-34 (queue size=1)
[NOTIFY] Thread-37 calling notifyAll() - waking up ALL threads in wait set
Thread-37 consumed: Item-61-35 (queue size=0)
[NOTIFY] Thread-37 calling notifyAll() - waking up ALL threads in wait set
Thread-37 waiting: Queue is empty
Thread-30 produced: Item-61-36 (queue size=1)
[NOTIFY] Thread-30 calling notifyAll() - waking up ALL threads in wait set
Thread-35 consumed: Item-61-36 (queue size=0)
[NOTIFY] Thread-35 calling notifyAll() - waking up ALL threads in wait set
Thread-35 waiting: Queue is empty
Thread-33 waiting: Queue is empty
Thread-31 waiting: Queue is empty
Thread-29 waiting: Queue is empty
Thread-34 produced: Item-65-17 (queue size=1)
[NOTIFY] Thread-34 calling notifyAll() - waking up ALL threads in wait set
Thread-34 produced: Item-65-18 (queue size=2)
[NOTIFY] Thread-34 calling notifyAll() - waking up ALL threads in wait set
Thread-34 produced: Item-65-19 (queue size=3)
[NOTIFY] Thread-34 calling notifyAll() - waking up ALL threads in wait set
Thread-34 produced: Item-65-20 (queue size=4)
[NOTIFY] Thread-34 calling notifyAll() - waking up ALL threads in wait set
Thread-34 produced: Item-65-21 (queue size=5)
[NOTIFY] Thread-34 calling notifyAll() - waking up ALL threads in wait set
Thread-32 waiting: Queue is full (size=5)
Thread-34 waiting: Queue is full (size=5)
Thread-28 waiting: Queue is full (size=5)
Thread-36 waiting: Queue is full (size=5)
Thread-29 consumed: Item-65-17 (queue size=4)
[NOTIFY] Thread-29 calling notifyAll() - waking up ALL threads in wait set
Thread-29 consumed: Item-65-18 (queue size=3)
[NOTIFY] Thread-29 calling notifyAll() - waking up ALL threads in wait set
Thread-29 consumed: Item-65-19 (queue size=2)
[NOTIFY] Thread-29 calling notifyAll() - waking up ALL threads in wait set
Thread-29 consumed: Item-65-20 (queue size=1)
[NOTIFY] Thread-29 calling notifyAll() - waking up ALL threads in wait set
Thread-29 consumed: Item-65-21 (queue size=0)
[NOTIFY] Thread-29 calling notifyAll() - waking up ALL threads in wait set
Thread-29 waiting: Queue is empty
Thread-31 waiting: Queue is empty
Thread-33 waiting: Queue is empty
Thread-35 waiting: Queue is empty
Thread-30 produced: Item-61-37 (queue size=1)
[NOTIFY] Thread-30 calling notifyAll() - waking up ALL threads in wait set
Thread-37 consumed: Item-61-37 (queue size=0)
[NOTIFY] Thread-37 calling notifyAll() - waking up ALL threads in wait set
Thread-37 waiting: Queue is empty
Thread-30 produced: Item-61-38 (queue size=1)
[NOTIFY] Thread-30 calling notifyAll() - waking up ALL threads in wait set
Thread-30 produced: Item-61-39 (queue size=2)
[NOTIFY] Thread-30 calling notifyAll() - waking up ALL threads in wait set
Thread-30 produced: Item-61-40 (queue size=3)
[NOTIFY] Thread-30 calling notifyAll() - waking up ALL threads in wait set
Thread-30 produced: Item-61-41 (queue size=4)
[NOTIFY] Thread-30 calling notifyAll() - waking up ALL threads in wait set
Thread-30 produced: Item-61-42 (queue size=5)
[NOTIFY] Thread-30 calling notifyAll() - waking up ALL threads in wait set
Thread-30 waiting: Queue is full (size=5)
Thread-35 consumed: Item-61-38 (queue size=4)
[NOTIFY] Thread-35 calling notifyAll() - waking up ALL threads in wait set
Thread-35 consumed: Item-61-39 (queue size=3)
[NOTIFY] Thread-35 calling notifyAll() - waking up ALL threads in wait set
Thread-35 consumed: Item-61-40 (queue size=2)
[NOTIFY] Thread-35 calling notifyAll() - waking up ALL threads in wait set
Thread-35 consumed: Item-61-41 (queue size=1)
[NOTIFY] Thread-35 calling notifyAll() - waking up ALL threads in wait set
Thread-35 consumed: Item-61-42 (queue size=0)
[NOTIFY] Thread-35 calling notifyAll() - waking up ALL threads in wait set
Thread-35 waiting: Queue is empty
Thread-33 waiting: Queue is empty
Thread-31 waiting: Queue is empty
Thread-29 waiting: Queue is empty
Thread-36 produced: Item-67-15 (queue size=1)
[NOTIFY] Thread-36 calling notifyAll() - waking up ALL threads in wait set
Thread-36 produced: Item-67-16 (queue size=2)
[NOTIFY] Thread-36 calling notifyAll() - waking up ALL threads in wait set
Thread-28 produced: Item-59-14 (queue size=3)
[NOTIFY] Thread-28 calling notifyAll() - waking up ALL threads in wait set
Thread-36 produced: Item-67-17 (queue size=4)
[NOTIFY] Thread-36 calling notifyAll() - waking up ALL threads in wait set
Thread-28 produced: Item-59-15 (queue size=5)
[NOTIFY] Thread-28 calling notifyAll() - waking up ALL threads in wait set
Thread-36 waiting: Queue is full (size=5)
Thread-28 waiting: Queue is full (size=5)
Thread-34 waiting: Queue is full (size=5)
Thread-32 waiting: Queue is full (size=5)
Thread-29 consumed: Item-67-15 (queue size=4)
[NOTIFY] Thread-29 calling notifyAll() - waking up ALL threads in wait set
Thread-29 consumed: Item-67-16 (queue size=3)
[NOTIFY] Thread-29 calling notifyAll() - waking up ALL threads in wait set
Thread-29 consumed: Item-59-14 (queue size=2)
[NOTIFY] Thread-29 calling notifyAll() - waking up ALL threads in wait set
Thread-29 consumed: Item-67-17 (queue size=1)
[NOTIFY] Thread-29 calling notifyAll() - waking up ALL threads in wait set
Thread-31 consumed: Item-59-15 (queue size=0)
[NOTIFY] Thread-31 calling notifyAll() - waking up ALL threads in wait set
Thread-31 waiting: Queue is empty
Thread-33 waiting: Queue is empty
Thread-35 waiting: Queue is empty
Thread-30 produced: Item-61-43 (queue size=1)
[NOTIFY] Thread-30 calling notifyAll() - waking up ALL threads in wait set
Thread-30 produced: Item-61-44 (queue size=2)
[NOTIFY] Thread-30 calling notifyAll() - waking up ALL threads in wait set
Thread-30 produced: Item-61-45 (queue size=3)
[NOTIFY] Thread-30 calling notifyAll() - waking up ALL threads in wait set
Thread-37 consumed: Item-61-43 (queue size=2)
[NOTIFY] Thread-37 calling notifyAll() - waking up ALL threads in wait set
Thread-37 consumed: Item-61-44 (queue size=1)
[NOTIFY] Thread-37 calling notifyAll() - waking up ALL threads in wait set
Thread-30 produced: Item-61-46 (queue size=2)
[NOTIFY] Thread-30 calling notifyAll() - waking up ALL threads in wait set
Thread-30 produced: Item-61-47 (queue size=3)
[NOTIFY] Thread-30 calling notifyAll() - waking up ALL threads in wait set
Thread-30 produced: Item-61-48 (queue size=4)
[NOTIFY] Thread-30 calling notifyAll() - waking up ALL threads in wait set
Thread-30 produced: Item-61-49 (queue size=5)
[NOTIFY] Thread-30 calling notifyAll() - waking up ALL threads in wait set
Thread-30 waiting: Queue is full (size=5)
Thread-35 consumed: Item-61-45 (queue size=4)
[NOTIFY] Thread-35 calling notifyAll() - waking up ALL threads in wait set
Thread-35 consumed: Item-61-46 (queue size=3)
[NOTIFY] Thread-35 calling notifyAll() - waking up ALL threads in wait set
Thread-35 consumed: Item-61-47 (queue size=2)
[NOTIFY] Thread-35 calling notifyAll() - waking up ALL threads in wait set
Thread-33 consumed: Item-61-48 (queue size=1)
[NOTIFY] Thread-33 calling notifyAll() - waking up ALL threads in wait set
Thread-33 consumed: Item-61-49 (queue size=0)
[NOTIFY] Thread-33 calling notifyAll() - waking up ALL threads in wait set
Thread-33 waiting: Queue is empty
Thread-31 waiting: Queue is empty
Thread-29 waiting: Queue is empty
Thread-32 produced: Item-63-9 (queue size=1)
[NOTIFY] Thread-32 calling notifyAll() - waking up ALL threads in wait set
Thread-32 produced: Item-63-10 (queue size=2)
[NOTIFY] Thread-32 calling notifyAll() - waking up ALL threads in wait set
Thread-34 produced: Item-65-22 (queue size=3)
[NOTIFY] Thread-34 calling notifyAll() - waking up ALL threads in wait set
Thread-34 produced: Item-65-23 (queue size=4)
[NOTIFY] Thread-34 calling notifyAll() - waking up ALL threads in wait set
Thread-34 produced: Item-65-24 (queue size=5)
[NOTIFY] Thread-34 calling notifyAll() - waking up ALL threads in wait set
Thread-34 waiting: Queue is full (size=5)
Thread-28 waiting: Queue is full (size=5)
Thread-36 waiting: Queue is full (size=5)
Thread-32 waiting: Queue is full (size=5)
Thread-29 consumed: Item-63-9 (queue size=4)
[NOTIFY] Thread-29 calling notifyAll() - waking up ALL threads in wait set
Thread-29 consumed: Item-63-10 (queue size=3)
[NOTIFY] Thread-29 calling notifyAll() - waking up ALL threads in wait set
Thread-29 consumed: Item-65-22 (queue size=2)
[NOTIFY] Thread-29 calling notifyAll() - waking up ALL threads in wait set
Thread-29 consumed: Item-65-23 (queue size=1)
[NOTIFY] Thread-29 calling notifyAll() - waking up ALL threads in wait set
Thread-29 consumed: Item-65-24 (queue size=0)
[NOTIFY] Thread-29 calling notifyAll() - waking up ALL threads in wait set
Thread-29 waiting: Queue is empty
Thread-31 waiting: Queue is empty
Thread-33 waiting: Queue is empty
Thread-35 waiting: Queue is empty
Thread-30 produced: Item-61-50 (queue size=1)
[NOTIFY] Thread-30 calling notifyAll() - waking up ALL threads in wait set
Thread-30 produced: Item-61-51 (queue size=2)
[NOTIFY] Thread-30 calling notifyAll() - waking up ALL threads in wait set
Thread-30 produced: Item-61-52 (queue size=3)
[NOTIFY] Thread-30 calling notifyAll() - waking up ALL threads in wait set
Thread-30 produced: Item-61-53 (queue size=4)
[NOTIFY] Thread-30 calling notifyAll() - waking up ALL threads in wait set
Thread-30 produced: Item-61-54 (queue size=5)
[NOTIFY] Thread-30 calling notifyAll() - waking up ALL threads in wait set
Thread-30 waiting: Queue is full (size=5)
Thread-37 consumed: Item-61-50 (queue size=4)
[NOTIFY] Thread-37 calling notifyAll() - waking up ALL threads in wait set
Thread-37 consumed: Item-61-51 (queue size=3)
[NOTIFY] Thread-37 calling notifyAll() - waking up ALL threads in wait set
Thread-37 consumed: Item-61-52 (queue size=2)
[NOTIFY] Thread-37 calling notifyAll() - waking up ALL threads in wait set
Thread-37 consumed: Item-61-53 (queue size=1)
[NOTIFY] Thread-37 calling notifyAll() - waking up ALL threads in wait set
Thread-37 consumed: Item-61-54 (queue size=0)
[NOTIFY] Thread-37 calling notifyAll() - waking up ALL threads in wait set
Thread-37 waiting: Queue is empty
Thread-30 produced: Item-61-55 (queue size=1)
[NOTIFY] Thread-30 calling notifyAll() - waking up ALL threads in wait set
Thread-37 consumed: Item-61-55 (queue size=0)
[NOTIFY] Thread-37 calling notifyAll() - waking up ALL threads in wait set
Thread-37 waiting: Queue is empty
Thread-30 produced: Item-61-56 (queue size=1)
[NOTIFY] Thread-30 calling notifyAll() - waking up ALL threads in wait set
Thread-30 produced: Item-61-57 (queue size=2)
[NOTIFY] Thread-30 calling notifyAll() - waking up ALL threads in wait set
Thread-30 produced: Item-61-58 (queue size=3)
[NOTIFY] Thread-30 calling notifyAll() - waking up ALL threads in wait set
Thread-30 produced: Item-61-59 (queue size=4)
[NOTIFY] Thread-30 calling notifyAll() - waking up ALL threads in wait set
Thread-30 produced: Item-61-60 (queue size=5)
[NOTIFY] Thread-30 calling notifyAll() - waking up ALL threads in wait set
Thread-30 waiting: Queue is full (size=5)
Thread-35 consumed: Item-61-56 (queue size=4)
[NOTIFY] Thread-35 calling notifyAll() - waking up ALL threads in wait set
Thread-35 consumed: Item-61-57 (queue size=3)
[NOTIFY] Thread-35 calling notifyAll() - waking up ALL threads in wait set
Thread-35 consumed: Item-61-58 (queue size=2)
[NOTIFY] Thread-35 calling notifyAll() - waking up ALL threads in wait set
Thread-35 consumed: Item-61-59 (queue size=1)
[NOTIFY] Thread-35 calling notifyAll() - waking up ALL threads in wait set
Thread-35 consumed: Item-61-60 (queue size=0)
[NOTIFY] Thread-35 calling notifyAll() - waking up ALL threads in wait set
Thread-35 waiting: Queue is empty
Thread-33 waiting: Queue is empty
Thread-31 waiting: Queue is empty
Thread-29 waiting: Queue is empty
Thread-32 produced: Item-63-11 (queue size=1)
[NOTIFY] Thread-32 calling notifyAll() - waking up ALL threads in wait set
Thread-32 produced: Item-63-12 (queue size=2)
[NOTIFY] Thread-32 calling notifyAll() - waking up ALL threads in wait set
Thread-32 produced: Item-63-13 (queue size=3)
[NOTIFY] Thread-32 calling notifyAll() - waking up ALL threads in wait set
Thread-32 produced: Item-63-14 (queue size=4)
[NOTIFY] Thread-32 calling notifyAll() - waking up ALL threads in wait set
Thread-32 produced: Item-63-15 (queue size=5)
[NOTIFY] Thread-32 calling notifyAll() - waking up ALL threads in wait set
Thread-32 waiting: Queue is full (size=5)
Thread-36 waiting: Queue is full (size=5)
Thread-28 waiting: Queue is full (size=5)
Thread-34 waiting: Queue is full (size=5)
Thread-29 consumed: Item-63-11 (queue size=4)
[NOTIFY] Thread-29 calling notifyAll() - waking up ALL threads in wait set
Thread-29 consumed: Item-63-12 (queue size=3)
[NOTIFY] Thread-29 calling notifyAll() - waking up ALL threads in wait set
Thread-31 consumed: Item-63-13 (queue size=2)
[NOTIFY] Thread-31 calling notifyAll() - waking up ALL threads in wait set
Thread-31 consumed: Item-63-14 (queue size=1)
[NOTIFY] Thread-31 calling notifyAll() - waking up ALL threads in wait set
Thread-31 consumed: Item-63-15 (queue size=0)
[NOTIFY] Thread-31 calling notifyAll() - waking up ALL threads in wait set
Thread-31 waiting: Queue is empty
Thread-33 waiting: Queue is empty
Thread-35 waiting: Queue is empty
Thread-30 produced: Item-61-61 (queue size=1)
[NOTIFY] Thread-30 calling notifyAll() - waking up ALL threads in wait set
Thread-30 produced: Item-61-62 (queue size=2)
[NOTIFY] Thread-30 calling notifyAll() - waking up ALL threads in wait set
Thread-30 produced: Item-61-63 (queue size=3)
[NOTIFY] Thread-30 calling notifyAll() - waking up ALL threads in wait set
Thread-30 produced: Item-61-64 (queue size=4)
[NOTIFY] Thread-30 calling notifyAll() - waking up ALL threads in wait set
Thread-30 produced: Item-61-65 (queue size=5)
[NOTIFY] Thread-30 calling notifyAll() - waking up ALL threads in wait set
Thread-30 waiting: Queue is full (size=5)
Thread-37 consumed: Item-61-61 (queue size=4)
[NOTIFY] Thread-37 calling notifyAll() - waking up ALL threads in wait set
Thread-37 consumed: Item-61-62 (queue size=3)
[NOTIFY] Thread-37 calling notifyAll() - waking up ALL threads in wait set
Thread-37 consumed: Item-61-63 (queue size=2)
[NOTIFY] Thread-37 calling notifyAll() - waking up ALL threads in wait set
Thread-37 consumed: Item-61-64 (queue size=1)
[NOTIFY] Thread-37 calling notifyAll() - waking up ALL threads in wait set
Thread-37 consumed: Item-61-65 (queue size=0)
[NOTIFY] Thread-37 calling notifyAll() - waking up ALL threads in wait set
Thread-37 waiting: Queue is empty
Thread-30 produced: Item-61-66 (queue size=1)
[NOTIFY] Thread-30 calling notifyAll() - waking up ALL threads in wait set
Thread-30 produced: Item-61-67 (queue size=2)
[NOTIFY] Thread-30 calling notifyAll() - waking up ALL threads in wait set
Thread-30 produced: Item-61-68 (queue size=3)
[NOTIFY] Thread-30 calling notifyAll() - waking up ALL threads in wait set
Thread-37 consumed: Item-61-66 (queue size=2)
[NOTIFY] Thread-37 calling notifyAll() - waking up ALL threads in wait set
Thread-37 consumed: Item-61-67 (queue size=1)
[NOTIFY] Thread-37 calling notifyAll() - waking up ALL threads in wait set
Thread-37 consumed: Item-61-68 (queue size=0)
[NOTIFY] Thread-37 calling notifyAll() - waking up ALL threads in wait set
Thread-37 waiting: Queue is empty
Thread-30 produced: Item-61-69 (queue size=1)
[NOTIFY] Thread-30 calling notifyAll() - waking up ALL threads in wait set
Thread-30 produced: Item-61-70 (queue size=2)
[NOTIFY] Thread-30 calling notifyAll() - waking up ALL threads in wait set
Thread-30 produced: Item-61-71 (queue size=3)
[NOTIFY] Thread-30 calling notifyAll() - waking up ALL threads in wait set
Thread-30 produced: Item-61-72 (queue size=4)
[NOTIFY] Thread-30 calling notifyAll() - waking up ALL threads in wait set
Thread-30 produced: Item-61-73 (queue size=5)
[NOTIFY] Thread-30 calling notifyAll() - waking up ALL threads in wait set
Thread-30 waiting: Queue is full (size=5)
Thread-35 consumed: Item-61-69 (queue size=4)
[NOTIFY] Thread-35 calling notifyAll() - waking up ALL threads in wait set
Thread-35 consumed: Item-61-70 (queue size=3)
[NOTIFY] Thread-35 calling notifyAll() - waking up ALL threads in wait set
Thread-35 consumed: Item-61-71 (queue size=2)
[NOTIFY] Thread-35 calling notifyAll() - waking up ALL threads in wait set
Thread-35 consumed: Item-61-72 (queue size=1)
[NOTIFY] Thread-35 calling notifyAll() - waking up ALL threads in wait set
Thread-35 consumed: Item-61-73 (queue size=0)
[NOTIFY] Thread-35 calling notifyAll() - waking up ALL threads in wait set
Thread-35 waiting: Queue is empty
Thread-33 waiting: Queue is empty
Thread-31 waiting: Queue is empty
Thread-29 waiting: Queue is empty
Thread-34 produced: Item-65-25 (queue size=1)
[NOTIFY] Thread-34 calling notifyAll() - waking up ALL threads in wait set
Thread-34 produced: Item-65-26 (queue size=2)
[NOTIFY] Thread-34 calling notifyAll() - waking up ALL threads in wait set
Thread-34 produced: Item-65-27 (queue size=3)
[NOTIFY] Thread-34 calling notifyAll() - waking up ALL threads in wait set
Thread-34 produced: Item-65-28 (queue size=4)
[NOTIFY] Thread-34 calling notifyAll() - waking up ALL threads in wait set
Thread-34 produced: Item-65-29 (queue size=5)
[NOTIFY] Thread-34 calling notifyAll() - waking up ALL threads in wait set
Thread-34 waiting: Queue is full (size=5)
Thread-28 waiting: Queue is full (size=5)
Thread-36 waiting: Queue is full (size=5)
Thread-32 waiting: Queue is full (size=5)
Thread-29 consumed: Item-65-25 (queue size=4)
[NOTIFY] Thread-29 calling notifyAll() - waking up ALL threads in wait set
Thread-29 consumed: Item-65-26 (queue size=3)
[NOTIFY] Thread-29 calling notifyAll() - waking up ALL threads in wait set
Thread-29 consumed: Item-65-27 (queue size=2)
[NOTIFY] Thread-29 calling notifyAll() - waking up ALL threads in wait set
Thread-29 consumed: Item-65-28 (queue size=1)
[NOTIFY] Thread-29 calling notifyAll() - waking up ALL threads in wait set
Thread-29 consumed: Item-65-29 (queue size=0)
[NOTIFY] Thread-29 calling notifyAll() - waking up ALL threads in wait set
Thread-29 waiting: Queue is empty
Thread-31 waiting: Queue is empty
Thread-33 waiting: Queue is empty
Thread-35 waiting: Queue is empty
Thread-30 produced: Item-61-74 (queue size=1)
[NOTIFY] Thread-30 calling notifyAll() - waking up ALL threads in wait set
Thread-30 produced: Item-61-75 (queue size=2)
[NOTIFY] Thread-30 calling notifyAll() - waking up ALL threads in wait set
Thread-37 consumed: Item-61-74 (queue size=1)
[NOTIFY] Thread-37 calling notifyAll() - waking up ALL threads in wait set
Thread-37 consumed: Item-61-75 (queue size=0)
[NOTIFY] Thread-37 calling notifyAll() - waking up ALL threads in wait set
Thread-37 waiting: Queue is empty
Thread-30 produced: Item-61-76 (queue size=1)
[NOTIFY] Thread-30 calling notifyAll() - waking up ALL threads in wait set
Thread-30 produced: Item-61-77 (queue size=2)
[NOTIFY] Thread-30 calling notifyAll() - waking up ALL threads in wait set
Thread-30 produced: Item-61-78 (queue size=3)
[NOTIFY] Thread-30 calling notifyAll() - waking up ALL threads in wait set
Thread-30 produced: Item-61-79 (queue size=4)
[NOTIFY] Thread-30 calling notifyAll() - waking up ALL threads in wait set
Thread-30 produced: Item-61-80 (queue size=5)
[NOTIFY] Thread-30 calling notifyAll() - waking up ALL threads in wait set
Thread-30 waiting: Queue is full (size=5)
Thread-35 consumed: Item-61-76 (queue size=4)
[NOTIFY] Thread-35 calling notifyAll() - waking up ALL threads in wait set
Thread-35 consumed: Item-61-77 (queue size=3)
[NOTIFY] Thread-35 calling notifyAll() - waking up ALL threads in wait set
Thread-35 consumed: Item-61-78 (queue size=2)
[NOTIFY] Thread-35 calling notifyAll() - waking up ALL threads in wait set
Thread-35 consumed: Item-61-79 (queue size=1)
[NOTIFY] Thread-35 calling notifyAll() - waking up ALL threads in wait set
Thread-35 consumed: Item-61-80 (queue size=0)
[NOTIFY] Thread-35 calling notifyAll() - waking up ALL threads in wait set
Thread-35 waiting: Queue is empty
Thread-33 waiting: Queue is empty
Thread-31 waiting: Queue is empty
Thread-29 waiting: Queue is empty
Thread-32 produced: Item-63-16 (queue size=1)
[NOTIFY] Thread-32 calling notifyAll() - waking up ALL threads in wait set
Thread-32 produced: Item-63-17 (queue size=2)
[NOTIFY] Thread-32 calling notifyAll() - waking up ALL threads in wait set
Thread-32 produced: Item-63-18 (queue size=3)
[NOTIFY] Thread-32 calling notifyAll() - waking up ALL threads in wait set
Thread-32 produced: Item-63-19 (queue size=4)
[NOTIFY] Thread-32 calling notifyAll() - waking up ALL threads in wait set
Thread-32 produced: Item-63-20 (queue size=5)
[NOTIFY] Thread-32 calling notifyAll() - waking up ALL threads in wait set
Thread-32 waiting: Queue is full (size=5)
Thread-36 waiting: Queue is full (size=5)
Thread-28 waiting: Queue is full (size=5)
Thread-34 waiting: Queue is full (size=5)
Thread-29 consumed: Item-63-16 (queue size=4)
[NOTIFY] Thread-29 calling notifyAll() - waking up ALL threads in wait set
Thread-29 consumed: Item-63-17 (queue size=3)
[NOTIFY] Thread-29 calling notifyAll() - waking up ALL threads in wait set
Thread-29 consumed: Item-63-18 (queue size=2)
[NOTIFY] Thread-29 calling notifyAll() - waking up ALL threads in wait set
Thread-29 consumed: Item-63-19 (queue size=1)
[NOTIFY] Thread-29 calling notifyAll() - waking up ALL threads in wait set
Thread-29 consumed: Item-63-20 (queue size=0)
[NOTIFY] Thread-29 calling notifyAll() - waking up ALL threads in wait set
Thread-29 waiting: Queue is empty
Thread-31 waiting: Queue is empty
Thread-33 waiting: Queue is empty
Thread-35 waiting: Queue is empty
Thread-30 produced: Item-61-81 (queue size=1)
[NOTIFY] Thread-30 calling notifyAll() - waking up ALL threads in wait set
Thread-30 produced: Item-61-82 (queue size=2)
[NOTIFY] Thread-30 calling notifyAll() - waking up ALL threads in wait set
Thread-30 produced: Item-61-83 (queue size=3)
[NOTIFY] Thread-30 calling notifyAll() - waking up ALL threads in wait set
Thread-30 produced: Item-61-84 (queue size=4)
[NOTIFY] Thread-30 calling notifyAll() - waking up ALL threads in wait set
Thread-30 produced: Item-61-85 (queue size=5)
[NOTIFY] Thread-30 calling notifyAll() - waking up ALL threads in wait set
Thread-30 waiting: Queue is full (size=5)
Thread-37 consumed: Item-61-81 (queue size=4)
[NOTIFY] Thread-37 calling notifyAll() - waking up ALL threads in wait set
Thread-37 consumed: Item-61-82 (queue size=3)
[NOTIFY] Thread-37 calling notifyAll() - waking up ALL threads in wait set
Thread-37 consumed: Item-61-83 (queue size=2)
[NOTIFY] Thread-37 calling notifyAll() - waking up ALL threads in wait set
Thread-37 consumed: Item-61-84 (queue size=1)
[NOTIFY] Thread-37 calling notifyAll() - waking up ALL threads in wait set
Thread-37 consumed: Item-61-85 (queue size=0)
[NOTIFY] Thread-37 calling notifyAll() - waking up ALL threads in wait set
Thread-37 waiting: Queue is empty
Thread-30 produced: Item-61-86 (queue size=1)
[NOTIFY] Thread-30 calling notifyAll() - waking up ALL threads in wait set
Thread-37 consumed: Item-61-86 (queue size=0)
[NOTIFY] Thread-37 calling notifyAll() - waking up ALL threads in wait set
Thread-37 waiting: Queue is empty
Thread-30 produced: Item-61-87 (queue size=1)
[NOTIFY] Thread-30 calling notifyAll() - waking up ALL threads in wait set
Thread-30 produced: Item-61-88 (queue size=2)
[NOTIFY] Thread-30 calling notifyAll() - waking up ALL threads in wait set
Thread-35 consumed: Item-61-87 (queue size=1)
[NOTIFY] Thread-35 calling notifyAll() - waking up ALL threads in wait set
Thread-35 consumed: Item-61-88 (queue size=0)
[NOTIFY] Thread-35 calling notifyAll() - waking up ALL threads in wait set
Thread-35 waiting: Queue is empty
Thread-33 waiting: Queue is empty
Thread-31 waiting: Queue is empty
Thread-29 waiting: Queue is empty
Thread-34 produced: Item-65-30 (queue size=1)
[NOTIFY] Thread-34 calling notifyAll() - waking up ALL threads in wait set
Thread-34 produced: Item-65-31 (queue size=2)
[NOTIFY] Thread-34 calling notifyAll() - waking up ALL threads in wait set
Thread-34 produced: Item-65-32 (queue size=3)
[NOTIFY] Thread-34 calling notifyAll() - waking up ALL threads in wait set
Thread-34 produced: Item-65-33 (queue size=4)
[NOTIFY] Thread-34 calling notifyAll() - waking up ALL threads in wait set
Thread-34 produced: Item-65-34 (queue size=5)
[NOTIFY] Thread-34 calling notifyAll() - waking up ALL threads in wait set
Thread-34 waiting: Queue is full (size=5)
Thread-28 waiting: Queue is full (size=5)
Thread-36 waiting: Queue is full (size=5)
Thread-32 waiting: Queue is full (size=5)
Thread-29 consumed: Item-65-30 (queue size=4)
[NOTIFY] Thread-29 calling notifyAll() - waking up ALL threads in wait set
Thread-29 consumed: Item-65-31 (queue size=3)
[NOTIFY] Thread-29 calling notifyAll() - waking up ALL threads in wait set
Thread-29 consumed: Item-65-32 (queue size=2)
[NOTIFY] Thread-29 calling notifyAll() - waking up ALL threads in wait set
Thread-29 consumed: Item-65-33 (queue size=1)
[NOTIFY] Thread-29 calling notifyAll() - waking up ALL threads in wait set
Thread-29 consumed: Item-65-34 (queue size=0)
[NOTIFY] Thread-29 calling notifyAll() - waking up ALL threads in wait set
Thread-29 waiting: Queue is empty
Thread-31 waiting: Queue is empty
Thread-33 waiting: Queue is empty
Thread-35 waiting: Queue is empty
Thread-30 produced: Item-61-89 (queue size=1)
[NOTIFY] Thread-30 calling notifyAll() - waking up ALL threads in wait set
Thread-30 produced: Item-61-90 (queue size=2)
[NOTIFY] Thread-30 calling notifyAll() - waking up ALL threads in wait set
Thread-37 consumed: Item-61-89 (queue size=1)
[NOTIFY] Thread-37 calling notifyAll() - waking up ALL threads in wait set
Thread-37 consumed: Item-61-90 (queue size=0)
[NOTIFY] Thread-37 calling notifyAll() - waking up ALL threads in wait set
Thread-37 waiting: Queue is empty
Thread-30 produced: Item-61-91 (queue size=1)
[NOTIFY] Thread-30 calling notifyAll() - waking up ALL threads in wait set
Thread-30 produced: Item-61-92 (queue size=2)
[NOTIFY] Thread-30 calling notifyAll() - waking up ALL threads in wait set
Thread-35 consumed: Item-61-91 (queue size=1)
[NOTIFY] Thread-35 calling notifyAll() - waking up ALL threads in wait set
Thread-30 produced: Item-61-93 (queue size=2)
[NOTIFY] Thread-30 calling notifyAll() - waking up ALL threads in wait set
Thread-35 consumed: Item-61-92 (queue size=1)
[NOTIFY] Thread-35 calling notifyAll() - waking up ALL threads in wait set
Thread-30 produced: Item-61-94 (queue size=2)
[NOTIFY] Thread-30 calling notifyAll() - waking up ALL threads in wait set
Thread-35 consumed: Item-61-93 (queue size=1)
[NOTIFY] Thread-35 calling notifyAll() - waking up ALL threads in wait set
Thread-30 produced: Item-61-95 (queue size=2)
[NOTIFY] Thread-30 calling notifyAll() - waking up ALL threads in wait set
Thread-33 consumed: Item-61-94 (queue size=1)
[NOTIFY] Thread-33 calling notifyAll() - waking up ALL threads in wait set
Thread-33 consumed: Item-61-95 (queue size=0)
[NOTIFY] Thread-33 calling notifyAll() - waking up ALL threads in wait set
Thread-33 waiting: Queue is empty
Thread-31 waiting: Queue is empty
Thread-29 waiting: Queue is empty
Thread-32 produced: Item-63-21 (queue size=1)
[NOTIFY] Thread-32 calling notifyAll() - waking up ALL threads in wait set
Thread-32 produced: Item-63-22 (queue size=2)
[NOTIFY] Thread-32 calling notifyAll() - waking up ALL threads in wait set
Thread-32 produced: Item-63-23 (queue size=3)
[NOTIFY] Thread-32 calling notifyAll() - waking up ALL threads in wait set
Thread-36 produced: Item-67-18 (queue size=4)
[NOTIFY] Thread-36 calling notifyAll() - waking up ALL threads in wait set
Thread-36 produced: Item-67-19 (queue size=5)
[NOTIFY] Thread-36 calling notifyAll() - waking up ALL threads in wait set
Thread-36 waiting: Queue is full (size=5)
Thread-28 waiting: Queue is full (size=5)
Thread-34 waiting: Queue is full (size=5)
Thread-32 waiting: Queue is full (size=5)
Thread-29 consumed: Item-63-21 (queue size=4)
[NOTIFY] Thread-29 calling notifyAll() - waking up ALL threads in wait set
Thread-29 consumed: Item-63-22 (queue size=3)
[NOTIFY] Thread-29 calling notifyAll() - waking up ALL threads in wait set
Thread-29 consumed: Item-63-23 (queue size=2)
[NOTIFY] Thread-29 calling notifyAll() - waking up ALL threads in wait set
Thread-29 consumed: Item-67-18 (queue size=1)
[NOTIFY] Thread-29 calling notifyAll() - waking up ALL threads in wait set
Thread-29 consumed: Item-67-19 (queue size=0)
[NOTIFY] Thread-29 calling notifyAll() - waking up ALL threads in wait set
Thread-29 waiting: Queue is empty
Thread-31 waiting: Queue is empty
Thread-33 waiting: Queue is empty
Thread-30 produced: Item-61-96 (queue size=1)
[NOTIFY] Thread-30 calling notifyAll() - waking up ALL threads in wait set
Thread-30 produced: Item-61-97 (queue size=2)
[NOTIFY] Thread-30 calling notifyAll() - waking up ALL threads in wait set
Thread-30 produced: Item-61-98 (queue size=3)
[NOTIFY] Thread-30 calling notifyAll() - waking up ALL threads in wait set
Thread-30 produced: Item-61-99 (queue size=4)
[NOTIFY] Thread-30 calling notifyAll() - waking up ALL threads in wait set
Thread-35 consumed: Item-61-96 (queue size=3)
[NOTIFY] Thread-35 calling notifyAll() - waking up ALL threads in wait set
Thread-35 consumed: Item-61-97 (queue size=2)
[NOTIFY] Thread-35 calling notifyAll() - waking up ALL threads in wait set
Thread-35 consumed: Item-61-98 (queue size=1)
[NOTIFY] Thread-35 calling notifyAll() - waking up ALL threads in wait set
Thread-35 consumed: Item-61-99 (queue size=0)
[NOTIFY] Thread-35 calling notifyAll() - waking up ALL threads in wait set
Thread-35 waiting: Queue is empty
Thread-37 waiting: Queue is empty
Thread-33 waiting: Queue is empty
Thread-31 waiting: Queue is empty
Thread-29 waiting: Queue is empty
Thread-32 produced: Item-63-24 (queue size=1)
[NOTIFY] Thread-32 calling notifyAll() - waking up ALL threads in wait set
Thread-32 produced: Item-63-25 (queue size=2)
[NOTIFY] Thread-32 calling notifyAll() - waking up ALL threads in wait set
Thread-32 produced: Item-63-26 (queue size=3)
[NOTIFY] Thread-32 calling notifyAll() - waking up ALL threads in wait set
Thread-32 produced: Item-63-27 (queue size=4)
[NOTIFY] Thread-32 calling notifyAll() - waking up ALL threads in wait set
Thread-32 produced: Item-63-28 (queue size=5)
[NOTIFY] Thread-32 calling notifyAll() - waking up ALL threads in wait set
Thread-32 waiting: Queue is full (size=5)
Thread-34 waiting: Queue is full (size=5)
Thread-28 waiting: Queue is full (size=5)
Thread-36 waiting: Queue is full (size=5)
Thread-29 consumed: Item-63-24 (queue size=4)
[NOTIFY] Thread-29 calling notifyAll() - waking up ALL threads in wait set
Thread-29 consumed: Item-63-25 (queue size=3)
[NOTIFY] Thread-29 calling notifyAll() - waking up ALL threads in wait set
Thread-29 consumed: Item-63-26 (queue size=2)
[NOTIFY] Thread-29 calling notifyAll() - waking up ALL threads in wait set
Thread-29 consumed: Item-63-27 (queue size=1)
[NOTIFY] Thread-29 calling notifyAll() - waking up ALL threads in wait set
Thread-29 consumed: Item-63-28 (queue size=0)
[NOTIFY] Thread-29 calling notifyAll() - waking up ALL threads in wait set
Thread-29 waiting: Queue is empty
Thread-31 waiting: Queue is empty
Thread-33 waiting: Queue is empty
Thread-37 waiting: Queue is empty
Thread-35 waiting: Queue is empty
Thread-36 produced: Item-67-20 (queue size=1)
[NOTIFY] Thread-36 calling notifyAll() - waking up ALL threads in wait set
Thread-28 produced: Item-59-16 (queue size=2)
[NOTIFY] Thread-28 calling notifyAll() - waking up ALL threads in wait set
Thread-28 produced: Item-59-17 (queue size=3)
[NOTIFY] Thread-28 calling notifyAll() - waking up ALL threads in wait set
Thread-28 produced: Item-59-18 (queue size=4)
[NOTIFY] Thread-28 calling notifyAll() - waking up ALL threads in wait set
Thread-28 produced: Item-59-19 (queue size=5)
[NOTIFY] Thread-28 calling notifyAll() - waking up ALL threads in wait set
Thread-28 waiting: Queue is full (size=5)
Thread-34 waiting: Queue is full (size=5)
Thread-32 waiting: Queue is full (size=5)
Thread-36 waiting: Queue is full (size=5)
Thread-35 consumed: Item-67-20 (queue size=4)
[NOTIFY] Thread-35 calling notifyAll() - waking up ALL threads in wait set
Thread-35 consumed: Item-59-16 (queue size=3)
[NOTIFY] Thread-35 calling notifyAll() - waking up ALL threads in wait set
Thread-37 consumed: Item-59-17 (queue size=2)
[NOTIFY] Thread-37 calling notifyAll() - waking up ALL threads in wait set
Thread-37 consumed: Item-59-18 (queue size=1)
[NOTIFY] Thread-37 calling notifyAll() - waking up ALL threads in wait set
Thread-37 consumed: Item-59-19 (queue size=0)
[NOTIFY] Thread-37 calling notifyAll() - waking up ALL threads in wait set
Thread-37 waiting: Queue is empty
Thread-35 waiting: Queue is empty
Thread-33 waiting: Queue is empty
Thread-31 waiting: Queue is empty
Thread-29 waiting: Queue is empty
Thread-36 produced: Item-67-21 (queue size=1)
[NOTIFY] Thread-36 calling notifyAll() - waking up ALL threads in wait set
Thread-36 produced: Item-67-22 (queue size=2)
[NOTIFY] Thread-36 calling notifyAll() - waking up ALL threads in wait set
Thread-36 produced: Item-67-23 (queue size=3)
[NOTIFY] Thread-36 calling notifyAll() - waking up ALL threads in wait set
Thread-36 produced: Item-67-24 (queue size=4)
[NOTIFY] Thread-36 calling notifyAll() - waking up ALL threads in wait set
Thread-36 produced: Item-67-25 (queue size=5)
[...]
Thread-36 produced: Item-67-87 (queue size=1)
[NOTIFY] Thread-36 calling notifyAll() - waking up ALL threads in wait set
Thread-36 produced: Item-67-88 (queue size=2)
[NOTIFY] Thread-36 calling notifyAll() - waking up ALL threads in wait set
Thread-36 produced: Item-67-89 (queue size=3)
[NOTIFY] Thread-36 calling notifyAll() - waking up ALL threads in wait set
Thread-36 produced: Item-67-90 (queue size=4)
[NOTIFY] Thread-36 calling notifyAll() - waking up ALL threads in wait set
Thread-36 produced: Item-67-91 (queue size=5)
[NOTIFY] Thread-36 calling notifyAll() - waking up ALL threads in wait set
Thread-36 waiting: Queue is full (size=5)
Thread-32 waiting: Queue is full (size=5)
Thread-34 waiting: Queue is full (size=5)
Thread-28 waiting: Queue is full (size=5)
Thread-33 consumed: Item-67-87 (queue size=4)
[NOTIFY] Thread-33 calling notifyAll() - waking up ALL threads in wait set
Thread-33 consumed: Item-67-88 (queue size=3)
[NOTIFY] Thread-33 calling notifyAll() - waking up ALL threads in wait set
Thread-33 consumed: Item-67-89 (queue size=2)
[NOTIFY] Thread-33 calling notifyAll() - waking up ALL threads in wait set
Thread-33 consumed: Item-67-90 (queue size=1)
[NOTIFY] Thread-33 calling notifyAll() - waking up ALL threads in wait set
Thread-33 consumed: Item-67-91 (queue size=0)
[NOTIFY] Thread-33 calling notifyAll() - waking up ALL threads in wait set
Thread-33 waiting: Queue is empty
Thread-31 waiting: Queue is empty
Thread-28 produced: Item-59-76 (queue size=1)
[NOTIFY] Thread-28 calling notifyAll() - waking up ALL threads in wait set
Thread-28 produced: Item-59-77 (queue size=2)
[NOTIFY] Thread-28 calling notifyAll() - waking up ALL threads in wait set
Thread-28 produced: Item-59-78 (queue size=3)
[NOTIFY] Thread-28 calling notifyAll() - waking up ALL threads in wait set
Thread-28 produced: Item-59-79 (queue size=4)
[NOTIFY] Thread-28 calling notifyAll() - waking up ALL threads in wait set
Thread-28 produced: Item-59-80 (queue size=5)
[NOTIFY] Thread-28 calling notifyAll() - waking up ALL threads in wait set
Thread-28 waiting: Queue is full (size=5)
Thread-34 waiting: Queue is full (size=5)
Thread-32 waiting: Queue is full (size=5)
Thread-36 waiting: Queue is full (size=5)
Thread-31 consumed: Item-59-76 (queue size=4)
[NOTIFY] Thread-31 calling notifyAll() - waking up ALL threads in wait set
Thread-31 consumed: Item-59-77 (queue size=3)
[NOTIFY] Thread-31 calling notifyAll() - waking up ALL threads in wait set
Thread-31 consumed: Item-59-78 (queue size=2)
[NOTIFY] Thread-31 calling notifyAll() - waking up ALL threads in wait set
Thread-31 consumed: Item-59-79 (queue size=1)
[NOTIFY] Thread-31 calling notifyAll() - waking up ALL threads in wait set
Thread-31 consumed: Item-59-80 (queue size=0)
[NOTIFY] Thread-31 calling notifyAll() - waking up ALL threads in wait set
Thread-31 waiting: Queue is empty
Thread-33 waiting: Queue is empty
Thread-36 produced: Item-67-92 (queue size=1)
[NOTIFY] Thread-36 calling notifyAll() - waking up ALL threads in wait set
Thread-36 produced: Item-67-93 (queue size=2)
[NOTIFY] Thread-36 calling notifyAll() - waking up ALL threads in wait set
Thread-36 produced: Item-67-94 (queue size=3)
[NOTIFY] Thread-36 calling notifyAll() - waking up ALL threads in wait set
Thread-36 produced: Item-67-95 (queue size=4)
[NOTIFY] Thread-36 calling notifyAll() - waking up ALL threads in wait set
Thread-36 produced: Item-67-96 (queue size=5)
[NOTIFY] Thread-36 calling notifyAll() - waking up ALL threads in wait set
Thread-36 waiting: Queue is full (size=5)
Thread-32 waiting: Queue is full (size=5)
Thread-34 waiting: Queue is full (size=5)
Thread-28 waiting: Queue is full (size=5)
Thread-33 consumed: Item-67-92 (queue size=4)
[NOTIFY] Thread-33 calling notifyAll() - waking up ALL threads in wait set
Thread-33 consumed: Item-67-93 (queue size=3)
[NOTIFY] Thread-33 calling notifyAll() - waking up ALL threads in wait set
Thread-33 consumed: Item-67-94 (queue size=2)
[NOTIFY] Thread-33 calling notifyAll() - waking up ALL threads in wait set
Thread-33 consumed: Item-67-95 (queue size=1)
[NOTIFY] Thread-33 calling notifyAll() - waking up ALL threads in wait set
Thread-33 consumed: Item-67-96 (queue size=0)
[NOTIFY] Thread-33 calling notifyAll() - waking up ALL threads in wait set
Thread-33 waiting: Queue is empty
Thread-31 waiting: Queue is empty
Thread-28 produced: Item-59-81 (queue size=1)
[NOTIFY] Thread-28 calling notifyAll() - waking up ALL threads in wait set
Thread-28 produced: Item-59-82 (queue size=2)
[NOTIFY] Thread-28 calling notifyAll() - waking up ALL threads in wait set
Thread-28 produced: Item-59-83 (queue size=3)
[NOTIFY] Thread-28 calling notifyAll() - waking up ALL threads in wait set
Thread-28 produced: Item-59-84 (queue size=4)
[NOTIFY] Thread-28 calling notifyAll() - waking up ALL threads in wait set
Thread-34 produced: Item-65-85 (queue size=5)
[NOTIFY] Thread-34 calling notifyAll() - waking up ALL threads in wait set
Thread-28 waiting: Queue is full (size=5)
Thread-34 waiting: Queue is full (size=5)
Thread-32 waiting: Queue is full (size=5)
Thread-36 waiting: Queue is full (size=5)
Thread-31 consumed: Item-59-81 (queue size=4)
[NOTIFY] Thread-31 calling notifyAll() - waking up ALL threads in wait set
Thread-31 consumed: Item-59-82 (queue size=3)
[NOTIFY] Thread-31 calling notifyAll() - waking up ALL threads in wait set
Thread-31 consumed: Item-59-83 (queue size=2)
[NOTIFY] Thread-31 calling notifyAll() - waking up ALL threads in wait set
Thread-31 consumed: Item-59-84 (queue size=1)
[NOTIFY] Thread-31 calling notifyAll() - waking up ALL threads in wait set
Thread-31 consumed: Item-65-85 (queue size=0)
[NOTIFY] Thread-31 calling notifyAll() - waking up ALL threads in wait set
Thread-31 waiting: Queue is empty
Thread-33 waiting: Queue is empty
Thread-36 produced: Item-67-97 (queue size=1)
[NOTIFY] Thread-36 calling notifyAll() - waking up ALL threads in wait set
Thread-36 produced: Item-67-98 (queue size=2)
[NOTIFY] Thread-36 calling notifyAll() - waking up ALL threads in wait set
Thread-32 produced: Item-63-87 (queue size=3)
[NOTIFY] Thread-32 calling notifyAll() - waking up ALL threads in wait set
Thread-36 produced: Item-67-99 (queue size=4)
[NOTIFY] Thread-36 calling notifyAll() - waking up ALL threads in wait set
Thread-34 produced: Item-65-86 (queue size=5)
[NOTIFY] Thread-34 calling notifyAll() - waking up ALL threads in wait set
Thread-34 waiting: Queue is full (size=5)
Thread-28 waiting: Queue is full (size=5)
Thread-32 waiting: Queue is full (size=5)
Thread-33 consumed: Item-67-97 (queue size=4)
[NOTIFY] Thread-33 calling notifyAll() - waking up ALL threads in wait set
Thread-33 consumed: Item-67-98 (queue size=3)
[NOTIFY] Thread-33 calling notifyAll() - waking up ALL threads in wait set
Thread-31 consumed: Item-63-87 (queue size=2)
[NOTIFY] Thread-31 calling notifyAll() - waking up ALL threads in wait set
Thread-31 consumed: Item-67-99 (queue size=1)
[NOTIFY] Thread-31 calling notifyAll() - waking up ALL threads in wait set
Thread-31 consumed: Item-65-86 (queue size=0)
[NOTIFY] Thread-31 calling notifyAll() - waking up ALL threads in wait set
Thread-31 waiting: Queue is empty
Thread-32 produced: Item-63-88 (queue size=1)
[NOTIFY] Thread-32 calling notifyAll() - waking up ALL threads in wait set
Thread-32 produced: Item-63-89 (queue size=2)
[NOTIFY] Thread-32 calling notifyAll() - waking up ALL threads in wait set
Thread-32 produced: Item-63-90 (queue size=3)
[NOTIFY] Thread-32 calling notifyAll() - waking up ALL threads in wait set
Thread-32 produced: Item-63-91 (queue size=4)
[NOTIFY] Thread-32 calling notifyAll() - waking up ALL threads in wait set
Thread-32 produced: Item-63-92 (queue size=5)
[NOTIFY] Thread-32 calling notifyAll() - waking up ALL threads in wait set
Thread-32 waiting: Queue is full (size=5)
Thread-28 waiting: Queue is full (size=5)
Thread-34 waiting: Queue is full (size=5)
Thread-31 consumed: Item-63-88 (queue size=4)
[NOTIFY] Thread-31 calling notifyAll() - waking up ALL threads in wait set
Thread-31 consumed: Item-63-89 (queue size=3)
[NOTIFY] Thread-31 calling notifyAll() - waking up ALL threads in wait set
Thread-31 consumed: Item-63-90 (queue size=2)
[NOTIFY] Thread-31 calling notifyAll() - waking up ALL threads in wait set
Thread-31 consumed: Item-63-91 (queue size=1)
[NOTIFY] Thread-31 calling notifyAll() - waking up ALL threads in wait set
Thread-31 consumed: Item-63-92 (queue size=0)
[NOTIFY] Thread-31 calling notifyAll() - waking up ALL threads in wait set
Thread-31 waiting: Queue is empty
Thread-32 produced: Item-63-93 (queue size=1)
[NOTIFY] Thread-32 calling notifyAll() - waking up ALL threads in wait set
Thread-32 produced: Item-63-94 (queue size=2)
[NOTIFY] Thread-32 calling notifyAll() - waking up ALL threads in wait set
Thread-32 produced: Item-63-95 (queue size=3)
[NOTIFY] Thread-32 calling notifyAll() - waking up ALL threads in wait set
Thread-32 produced: Item-63-96 (queue size=4)
[NOTIFY] Thread-32 calling notifyAll() - waking up ALL threads in wait set
Thread-32 produced: Item-63-97 (queue size=5)
[NOTIFY] Thread-32 calling notifyAll() - waking up ALL threads in wait set
Thread-32 waiting: Queue is full (size=5)
Thread-31 consumed: Item-63-93 (queue size=4)
[NOTIFY] Thread-31 calling notifyAll() - waking up ALL threads in wait set
Thread-31 consumed: Item-63-94 (queue size=3)
[NOTIFY] Thread-31 calling notifyAll() - waking up ALL threads in wait set
Thread-31 consumed: Item-63-95 (queue size=2)
[NOTIFY] Thread-31 calling notifyAll() - waking up ALL threads in wait set
Thread-31 consumed: Item-63-96 (queue size=1)
[NOTIFY] Thread-31 calling notifyAll() - waking up ALL threads in wait set
Thread-31 consumed: Item-63-97 (queue size=0)
[NOTIFY] Thread-31 calling notifyAll() - waking up ALL threads in wait set
Thread-31 waiting: Queue is empty
Thread-32 produced: Item-63-98 (queue size=1)
[NOTIFY] Thread-32 calling notifyAll() - waking up ALL threads in wait set
Thread-31 consumed: Item-63-98 (queue size=0)
[NOTIFY] Thread-31 calling notifyAll() - waking up ALL threads in wait set
Thread-32 produced: Item-63-99 (queue size=1)
[NOTIFY] Thread-32 calling notifyAll() - waking up ALL threads in wait set
Thread-31 consumed: Item-63-99 (queue size=0)
[NOTIFY] Thread-31 calling notifyAll() - waking up ALL threads in wait set
Thread-31 waiting: Queue is empty
Thread-34 produced: Item-65-87 (queue size=1)
[NOTIFY] Thread-34 calling notifyAll() - waking up ALL threads in wait set
Thread-34 produced: Item-65-88 (queue size=2)
[NOTIFY] Thread-34 calling notifyAll() - waking up ALL threads in wait set
Thread-34 produced: Item-65-89 (queue size=3)
[NOTIFY] Thread-34 calling notifyAll() - waking up ALL threads in wait set
Thread-34 produced: Item-65-90 (queue size=4)
[NOTIFY] Thread-34 calling notifyAll() - waking up ALL threads in wait set
Thread-34 produced: Item-65-91 (queue size=5)
[NOTIFY] Thread-34 calling notifyAll() - waking up ALL threads in wait set
Thread-34 waiting: Queue is full (size=5)
Thread-28 waiting: Queue is full (size=5)
Thread-31 consumed: Item-65-87 (queue size=4)
[NOTIFY] Thread-31 calling notifyAll() - waking up ALL threads in wait set
Thread-31 consumed: Item-65-88 (queue size=3)
[NOTIFY] Thread-31 calling notifyAll() - waking up ALL threads in wait set
Thread-31 consumed: Item-65-89 (queue size=2)
[NOTIFY] Thread-31 calling notifyAll() - waking up ALL threads in wait set
Thread-31 consumed: Item-65-90 (queue size=1)
[NOTIFY] Thread-31 calling notifyAll() - waking up ALL threads in wait set
Thread-31 consumed: Item-65-91 (queue size=0)
[NOTIFY] Thread-31 calling notifyAll() - waking up ALL threads in wait set
Thread-31 waiting: Queue is empty
Thread-34 produced: Item-65-92 (queue size=1)
[NOTIFY] Thread-34 calling notifyAll() - waking up ALL threads in wait set
Thread-34 produced: Item-65-93 (queue size=2)
[NOTIFY] Thread-34 calling notifyAll() - waking up ALL threads in wait set
Thread-34 produced: Item-65-94 (queue size=3)
[NOTIFY] Thread-34 calling notifyAll() - waking up ALL threads in wait set
Thread-34 produced: Item-65-95 (queue size=4)
[NOTIFY] Thread-34 calling notifyAll() - waking up ALL threads in wait set
Thread-34 produced: Item-65-96 (queue size=5)
[NOTIFY] Thread-34 calling notifyAll() - waking up ALL threads in wait set
Thread-34 waiting: Queue is full (size=5)
Thread-31 consumed: Item-65-92 (queue size=4)
[NOTIFY] Thread-31 calling notifyAll() - waking up ALL threads in wait set
Thread-31 consumed: Item-65-93 (queue size=3)
[NOTIFY] Thread-31 calling notifyAll() - waking up ALL threads in wait set
Thread-31 consumed: Item-65-94 (queue size=2)
[NOTIFY] Thread-31 calling notifyAll() - waking up ALL threads in wait set
Thread-31 consumed: Item-65-95 (queue size=1)
[NOTIFY] Thread-31 calling notifyAll() - waking up ALL threads in wait set
Thread-31 consumed: Item-65-96 (queue size=0)
[NOTIFY] Thread-31 calling notifyAll() - waking up ALL threads in wait set
Thread-31 waiting: Queue is empty
Thread-34 produced: Item-65-97 (queue size=1)
[NOTIFY] Thread-34 calling notifyAll() - waking up ALL threads in wait set
Thread-34 produced: Item-65-98 (queue size=2)
[NOTIFY] Thread-34 calling notifyAll() - waking up ALL threads in wait set
Thread-34 produced: Item-65-99 (queue size=3)
[NOTIFY] Thread-34 calling notifyAll() - waking up ALL threads in wait set
Thread-31 consumed: Item-65-97 (queue size=2)
[NOTIFY] Thread-31 calling notifyAll() - waking up ALL threads in wait set
Thread-31 consumed: Item-65-98 (queue size=1)
[NOTIFY] Thread-31 calling notifyAll() - waking up ALL threads in wait set
Thread-31 consumed: Item-65-99 (queue size=0)
[NOTIFY] Thread-31 calling notifyAll() - waking up ALL threads in wait set
Thread-31 waiting: Queue is empty
Thread-28 produced: Item-59-85 (queue size=1)
[NOTIFY] Thread-28 calling notifyAll() - waking up ALL threads in wait set
Thread-28 produced: Item-59-86 (queue size=2)
[NOTIFY] Thread-28 calling notifyAll() - waking up ALL threads in wait set
Thread-28 produced: Item-59-87 (queue size=3)
[NOTIFY] Thread-28 calling notifyAll() - waking up ALL threads in wait set
Thread-28 produced: Item-59-88 (queue size=4)
[NOTIFY] Thread-28 calling notifyAll() - waking up ALL threads in wait set
Thread-28 produced: Item-59-89 (queue size=5)
[NOTIFY] Thread-28 calling notifyAll() - waking up ALL threads in wait set
Thread-28 waiting: Queue is full (size=5)
Thread-31 consumed: Item-59-85 (queue size=4)
[NOTIFY] Thread-31 calling notifyAll() - waking up ALL threads in wait set
Thread-31 consumed: Item-59-86 (queue size=3)
[NOTIFY] Thread-31 calling notifyAll() - waking up ALL threads in wait set
Thread-31 consumed: Item-59-87 (queue size=2)
[NOTIFY] Thread-31 calling notifyAll() - waking up ALL threads in wait set
Thread-31 consumed: Item-59-88 (queue size=1)
[NOTIFY] Thread-31 calling notifyAll() - waking up ALL threads in wait set
Thread-31 consumed: Item-59-89 (queue size=0)
[NOTIFY] Thread-31 calling notifyAll() - waking up ALL threads in wait set
Thread-31 waiting: Queue is empty
Thread-28 produced: Item-59-90 (queue size=1)
[NOTIFY] Thread-28 calling notifyAll() - waking up ALL threads in wait set
Thread-28 produced: Item-59-91 (queue size=2)
[NOTIFY] Thread-28 calling notifyAll() - waking up ALL threads in wait set
Thread-28 produced: Item-59-92 (queue size=3)
[NOTIFY] Thread-28 calling notifyAll() - waking up ALL threads in wait set
Thread-28 produced: Item-59-93 (queue size=4)
[NOTIFY] Thread-28 calling notifyAll() - waking up ALL threads in wait set
Thread-28 produced: Item-59-94 (queue size=5)
[NOTIFY] Thread-28 calling notifyAll() - waking up ALL threads in wait set
Thread-28 waiting: Queue is full (size=5)
Thread-31 consumed: Item-59-90 (queue size=4)
[NOTIFY] Thread-31 calling notifyAll() - waking up ALL threads in wait set
Thread-31 consumed: Item-59-91 (queue size=3)
[NOTIFY] Thread-31 calling notifyAll() - waking up ALL threads in wait set
Thread-31 consumed: Item-59-92 (queue size=2)
[NOTIFY] Thread-31 calling notifyAll() - waking up ALL threads in wait set
Thread-31 consumed: Item-59-93 (queue size=1)
[NOTIFY] Thread-31 calling notifyAll() - waking up ALL threads in wait set
Thread-31 consumed: Item-59-94 (queue size=0)
[NOTIFY] Thread-31 calling notifyAll() - waking up ALL threads in wait set
Thread-31 waiting: Queue is empty
Thread-28 produced: Item-59-95 (queue size=1)
[NOTIFY] Thread-28 calling notifyAll() - waking up ALL threads in wait set
Thread-28 produced: Item-59-96 (queue size=2)
[NOTIFY] Thread-28 calling notifyAll() - waking up ALL threads in wait set
Thread-28 produced: Item-59-97 (queue size=3)
[NOTIFY] Thread-28 calling notifyAll() - waking up ALL threads in wait set
Thread-28 produced: Item-59-98 (queue size=4)
[NOTIFY] Thread-28 calling notifyAll() - waking up ALL threads in wait set
Thread-28 produced: Item-59-99 (queue size=5)
[NOTIFY] Thread-28 calling notifyAll() - waking up ALL threads in wait set
Thread-31 consumed: Item-59-95 (queue size=4)
[NOTIFY] Thread-31 calling notifyAll() - waking up ALL threads in wait set
Thread-31 consumed: Item-59-96 (queue size=3)
[NOTIFY] Thread-31 calling notifyAll() - waking up ALL threads in wait set
Thread-31 consumed: Item-59-97 (queue size=2)
[NOTIFY] Thread-31 calling notifyAll() - waking up ALL threads in wait set
Thread-31 consumed: Item-59-98 (queue size=1)
[NOTIFY] Thread-31 calling notifyAll() - waking up ALL threads in wait set
Thread-31 consumed: Item-59-99 (queue size=0)
[NOTIFY] Thread-31 calling notifyAll() - waking up ALL threads in wait set
]]></system-out>
  </testcase>
  <testcase name="testProducerBlocksWhenQueueIsFull" classname="src.test.java.com.assignment.producerconsumer.BlockingQueueTest" time="0.51">
    <system-out><![CDATA[main produced: item0 (queue size=1)
[NOTIFY] main calling notifyAll() - waking up ALL threads in wait set
main produced: item1 (queue size=2)
[NOTIFY] main calling notifyAll() - waking up ALL threads in wait set
main produced: item2 (queue size=3)
[NOTIFY] main calling notifyAll() - waking up ALL threads in wait set
main produced: item3 (queue size=4)
[NOTIFY] main calling notifyAll() - waking up ALL threads in wait set
main produced: item4 (queue size=5)
[NOTIFY] main calling notifyAll() - waking up ALL threads in wait set
Thread-38 waiting: Queue is full (size=5)
main consumed: item0 (queue size=4)
[NOTIFY] main calling notifyAll() - waking up ALL threads in wait set
Thread-38 produced: blocked-item (queue size=5)
[NOTIFY] Thread-38 calling notifyAll() - waking up ALL threads in wait set
]]></system-out>
  </testcase>
  <testcase name="testPutTakeBasicOperations" classname="src.test.java.com.assignment.producerconsumer.BlockingQueueTest" time="0.001">
    <system-out><![CDATA[main produced: item1 (queue size=1)
[NOTIFY] main calling notifyAll() - waking up ALL threads in wait set
main produced: item2 (queue size=2)
[NOTIFY] main calling notifyAll() - waking up ALL threads in wait set
main consumed: item1 (queue size=1)
[NOTIFY] main calling notifyAll() - waking up ALL threads in wait set
main consumed: item2 (queue size=0)
[NOTIFY] main calling notifyAll() - waking up ALL threads in wait set
]]></system-out>
  </testcase>
  <testcase name="testCapacityOne" classname="src.test.java.com.assignment.producerconsumer.BlockingQueueTest" time="0.001">
    <system-out><![CDATA[main produced: item (queue size=1)
[NOTIFY] main calling notifyAll() - waking up ALL threads in wait set
main consumed: item (queue size=0)
[NOTIFY] main calling notifyAll() - waking up ALL threads in wait set
]]></system-out>
  </testcase>
  <testcase name="testConsumerBlocksWhenQueueIsEmpty" classname="src.test.java.com.assignment.producerconsumer.BlockingQueueTest" time="0.506">
    <system-out><![CDATA[Thread-39 waiting: Queue is empty
main produced: new-item (queue size=1)
[NOTIFY] main calling notifyAll() - waking up ALL threads in wait set
Thread-39 consumed: new-item (queue size=0)
[NOTIFY] Thread-39 calling notifyAll() - waking up ALL threads in wait set
]]></system-out>
  </testcase>
</testsuite>